2025-08-21 17:16:58,053 - INFO - ============================================================
2025-08-21 17:16:58,053 - INFO - 🚀 INICIANDO SISTEMA DE TRADING CONTINUO
2025-08-21 17:16:58,053 - INFO - ============================================================
2025-08-21 17:16:58,053 - INFO - 🚀 Iniciando generador de señales...
2025-08-21 17:16:58,056 - INFO - 🧹 Ejecutando mantenimiento de base de datos...
2025-08-21 17:16:58,065 - INFO - ✅ Generador de señales iniciado (PID: 65794)
2025-08-21 17:17:58,066 - INFO - 🏥 Health Check:
2025-08-21 17:17:58,067 - INFO -   ✅ signal_generator: Activo (PID: 65794)
2025-08-21 17:18:00,777 - INFO -   ✅ API: Respondiendo (BTCUSDT: BUY)
2025-08-21 17:18:00,778 - INFO -   ✅ Espacio en disco: 40GB libres
2025-08-21 17:19:00,781 - INFO - 🏥 Health Check:
2025-08-21 17:19:00,783 - INFO -   ✅ signal_generator: Activo (PID: 65794)
2025-08-21 17:19:03,352 - INFO -   ✅ API: Respondiendo (BTCUSDT: BUY)
2025-08-21 17:19:03,353 - INFO -   ✅ Espacio en disco: 40GB libres
2025-08-21 17:20:03,355 - INFO - 🏥 Health Check:
2025-08-21 17:20:03,356 - INFO -   ✅ signal_generator: Activo (PID: 65794)
2025-08-21 17:20:07,380 - INFO -   ✅ API: Respondiendo (BTCUSDT: BUY)
2025-08-21 17:20:07,382 - INFO -   ✅ Espacio en disco: 40GB libres
2025-08-21 17:21:07,387 - INFO - 🏥 Health Check:
2025-08-21 17:21:07,397 - INFO -   ✅ signal_generator: Activo (PID: 65794)
2025-08-21 17:21:10,289 - INFO -   ✅ API: Respondiendo (BTCUSDT: BUY)
2025-08-21 17:21:10,291 - INFO -   ✅ Espacio en disco: 40GB libres
2025-08-21 17:22:10,295 - INFO - 🏥 Health Check:
2025-08-21 17:22:10,297 - INFO -   ✅ signal_generator: Activo (PID: 65794)
2025-08-21 17:22:13,782 - INFO -   ✅ API: Respondiendo (BTCUSDT: BUY)
2025-08-21 17:22:13,786 - INFO -   ✅ Espacio en disco: 40GB libres
2025-08-21 17:23:13,788 - INFO - 🏥 Health Check:
2025-08-21 17:23:13,789 - INFO -   ✅ signal_generator: Activo (PID: 65794)
2025-08-21 17:23:16,860 - INFO -   ✅ API: Respondiendo (BTCUSDT: BUY)
2025-08-21 17:23:16,862 - INFO -   ✅ Espacio en disco: 39GB libres
2025-08-21 17:24:16,864 - INFO - 🏥 Health Check:
2025-08-21 17:24:16,866 - INFO -   ✅ signal_generator: Activo (PID: 65794)
2025-08-21 17:24:19,516 - INFO -   ✅ API: Respondiendo (BTCUSDT: BUY)
2025-08-21 17:24:19,517 - INFO -   ✅ Espacio en disco: 41GB libres
2025-08-21 17:25:19,519 - INFO - 🏥 Health Check:
2025-08-21 17:25:19,520 - INFO -   ✅ signal_generator: Activo (PID: 65794)
2025-08-21 17:25:21,958 - INFO -   ✅ API: Respondiendo (BTCUSDT: BUY)
2025-08-21 17:25:21,960 - INFO -   ✅ Espacio en disco: 41GB libres
2025-08-21 17:26:21,962 - INFO - 🏥 Health Check:
2025-08-21 17:26:21,963 - INFO -   ✅ signal_generator: Activo (PID: 65794)
2025-08-21 17:26:24,381 - INFO -   ✅ API: Respondiendo (BTCUSDT: BUY)
2025-08-21 17:26:24,382 - INFO -   ✅ Espacio en disco: 41GB libres
2025-08-21 17:27:24,384 - INFO - 🏥 Health Check:
2025-08-21 17:27:24,385 - INFO -   ✅ signal_generator: Activo (PID: 65794)
2025-08-21 17:27:26,841 - INFO -   ✅ API: Respondiendo (BTCUSDT: BUY)
2025-08-21 17:27:26,842 - INFO -   ✅ Espacio en disco: 41GB libres
2025-08-21 17:28:26,844 - INFO - 🏥 Health Check:
2025-08-21 17:28:26,845 - INFO -   ✅ signal_generator: Activo (PID: 65794)
2025-08-21 17:28:29,228 - INFO -   ✅ API: Respondiendo (BTCUSDT: BUY)
2025-08-21 17:28:29,228 - INFO -   ✅ Espacio en disco: 41GB libres
2025-08-21 17:29:29,245 - INFO - 🏥 Health Check:
2025-08-21 17:29:29,247 - INFO -   ✅ signal_generator: Activo (PID: 65794)
2025-08-21 17:29:31,741 - INFO -   ✅ API: Respondiendo (BTCUSDT: BUY)
2025-08-21 17:29:31,742 - INFO -   ✅ Espacio en disco: 40GB libres
2025-08-21 17:30:31,744 - INFO - 🏥 Health Check:
2025-08-21 17:30:31,746 - INFO -   ✅ signal_generator: Activo (PID: 65794)
2025-08-21 17:30:34,237 - INFO -   ✅ API: Respondiendo (BTCUSDT: BUY)
2025-08-21 17:30:34,238 - INFO -   ✅ Espacio en disco: 40GB libres
2025-08-21 17:31:34,242 - INFO - 🏥 Health Check:
2025-08-21 17:31:34,243 - INFO -   ✅ signal_generator: Activo (PID: 65794)
2025-08-21 17:31:36,679 - INFO -   ✅ API: Respondiendo (BTCUSDT: BUY)
2025-08-21 17:31:36,680 - INFO -   ✅ Espacio en disco: 40GB libres
2025-08-21 17:32:36,683 - INFO - 🏥 Health Check:
2025-08-21 17:32:36,684 - INFO -   ✅ signal_generator: Activo (PID: 65794)
2025-08-21 17:32:39,112 - INFO -   ✅ API: Respondiendo (BTCUSDT: BUY)
2025-08-21 17:32:39,113 - INFO -   ✅ Espacio en disco: 40GB libres
2025-08-21 17:33:39,115 - INFO - 🏥 Health Check:
2025-08-21 17:33:39,116 - INFO -   ✅ signal_generator: Activo (PID: 65794)
2025-08-21 17:33:42,279 - INFO -   ✅ API: Respondiendo (BTCUSDT: BUY)
2025-08-21 17:33:42,280 - INFO -   ✅ Espacio en disco: 40GB libres
2025-08-21 17:34:42,282 - INFO - 🏥 Health Check:
2025-08-21 17:34:42,284 - INFO -   ✅ signal_generator: Activo (PID: 65794)
2025-08-21 17:34:46,384 - INFO -   ✅ API: Respondiendo (BTCUSDT: BUY)
2025-08-21 17:34:46,387 - INFO -   ✅ Espacio en disco: 41GB libres
2025-08-21 17:35:46,390 - INFO - 🏥 Health Check:
2025-08-21 17:35:46,393 - INFO -   ✅ signal_generator: Activo (PID: 65794)
2025-08-21 17:35:49,326 - INFO -   ✅ API: Respondiendo (BTCUSDT: BUY)
2025-08-21 17:35:49,335 - INFO -   ✅ Espacio en disco: 40GB libres
2025-08-21 17:36:49,338 - INFO - 🏥 Health Check:
2025-08-21 17:36:49,339 - INFO -   ✅ signal_generator: Activo (PID: 65794)
2025-08-21 17:36:51,922 - INFO -   ✅ API: Respondiendo (BTCUSDT: BUY)
2025-08-21 17:36:51,924 - INFO -   ✅ Espacio en disco: 40GB libres
2025-08-21 17:37:51,928 - INFO - 🏥 Health Check:
2025-08-21 17:37:51,933 - INFO -   ✅ signal_generator: Activo (PID: 65794)
2025-08-21 17:37:54,576 - INFO -   ✅ API: Respondiendo (BTCUSDT: BUY)
2025-08-21 17:37:54,578 - INFO -   ✅ Espacio en disco: 40GB libres
2025-08-21 17:38:37,621 - INFO - ============================================================
2025-08-21 17:38:37,622 - INFO - 🚀 INICIANDO SISTEMA DE TRADING CONTINUO
2025-08-21 17:38:37,622 - INFO - ============================================================
2025-08-21 17:38:37,622 - INFO - 🚀 Iniciando generador de señales...
2025-08-21 17:38:37,627 - INFO - 🧹 Ejecutando mantenimiento de base de datos...
2025-08-21 17:38:37,642 - INFO - ✅ Generador de señales iniciado (PID: 72392)
2025-08-21 17:39:37,642 - INFO - 🏥 Health Check:
2025-08-21 17:39:37,643 - INFO -   ✅ signal_generator: Activo (PID: 72392)
2025-08-21 17:39:40,605 - INFO -   ✅ API: Respondiendo (BTCUSDT: BUY)
2025-08-21 17:39:40,606 - INFO -   ✅ Espacio en disco: 40GB libres
2025-08-21 17:40:40,608 - INFO - 🏥 Health Check:
2025-08-21 17:40:40,609 - INFO -   ✅ signal_generator: Activo (PID: 72392)
2025-08-21 17:40:43,212 - INFO -   ✅ API: Respondiendo (BTCUSDT: BUY)
2025-08-21 17:40:43,213 - INFO -   ✅ Espacio en disco: 40GB libres
2025-08-21 17:41:43,215 - INFO - 🏥 Health Check:
2025-08-21 17:41:43,216 - INFO -   ✅ signal_generator: Activo (PID: 72392)
2025-08-21 17:41:48,519 - INFO -   ✅ API: Respondiendo (BTCUSDT: BUY)
2025-08-21 17:41:48,527 - INFO -   ✅ Espacio en disco: 40GB libres
2025-08-21 17:42:48,529 - INFO - 🏥 Health Check:
2025-08-21 17:42:48,531 - INFO -   ✅ signal_generator: Activo (PID: 72392)
2025-08-21 17:42:51,741 - INFO -   ✅ API: Respondiendo (BTCUSDT: BUY)
2025-08-21 17:42:51,743 - INFO -   ✅ Espacio en disco: 39GB libres
2025-08-21 17:43:51,746 - INFO - 🏥 Health Check:
2025-08-21 17:43:51,746 - INFO -   ✅ signal_generator: Activo (PID: 72392)
2025-08-21 17:43:51,754 - WARNING -   ⚠️ API: No responde
2025-08-21 17:43:51,755 - INFO -   ✅ Espacio en disco: 41GB libres
2025-08-21 17:44:51,783 - INFO - 🏥 Health Check:
2025-08-21 17:44:51,784 - INFO -   ✅ signal_generator: Activo (PID: 72392)
2025-08-21 17:44:51,802 - WARNING -   ⚠️ API: No responde
2025-08-21 17:44:51,803 - INFO -   ✅ Espacio en disco: 41GB libres
2025-08-21 17:45:51,815 - INFO - 🏥 Health Check:
2025-08-21 17:45:51,816 - INFO -   ✅ signal_generator: Activo (PID: 72392)
2025-08-21 17:45:51,826 - WARNING -   ⚠️ API: No responde
2025-08-21 17:45:51,826 - INFO -   ✅ Espacio en disco: 41GB libres
2025-08-21 17:46:51,829 - INFO - 🏥 Health Check:
2025-08-21 17:46:51,830 - INFO -   ✅ signal_generator: Activo (PID: 72392)
2025-08-21 17:46:51,844 - WARNING -   ⚠️ API: No responde
2025-08-21 17:46:51,844 - INFO -   ✅ Espacio en disco: 41GB libres
2025-08-21 17:47:51,852 - INFO - 🏥 Health Check:
2025-08-21 17:47:51,853 - INFO -   ✅ signal_generator: Activo (PID: 72392)
2025-08-21 17:47:51,862 - WARNING -   ⚠️ API: No responde
2025-08-21 17:47:51,862 - INFO -   ✅ Espacio en disco: 41GB libres
2025-08-21 17:48:51,865 - INFO - 🏥 Health Check:
2025-08-21 17:48:51,866 - INFO -   ✅ signal_generator: Activo (PID: 72392)
2025-08-21 17:48:51,875 - WARNING -   ⚠️ API: No responde
2025-08-21 17:48:51,876 - INFO -   ✅ Espacio en disco: 40GB libres
2025-08-21 17:49:51,879 - INFO - 🏥 Health Check:
2025-08-21 17:49:51,880 - INFO -   ✅ signal_generator: Activo (PID: 72392)
2025-08-21 17:49:51,904 - WARNING -   ⚠️ API: No responde
2025-08-21 17:49:51,905 - INFO -   ✅ Espacio en disco: 40GB libres
2025-08-21 17:50:51,908 - INFO - 🏥 Health Check:
2025-08-21 17:50:51,911 - INFO -   ✅ signal_generator: Activo (PID: 72392)
2025-08-21 17:50:55,301 - INFO -   ✅ API: Respondiendo (BTCUSDT: BUY)
2025-08-21 17:50:55,302 - INFO -   ✅ Espacio en disco: 40GB libres
2025-08-21 17:51:55,317 - INFO - 🏥 Health Check:
2025-08-21 17:51:55,318 - INFO -   ✅ signal_generator: Activo (PID: 72392)
2025-08-21 17:51:57,697 - INFO -   ✅ API: Respondiendo (BTCUSDT: BUY)
2025-08-21 17:51:57,698 - INFO -   ✅ Espacio en disco: 40GB libres
2025-08-21 17:52:57,701 - INFO - 🏥 Health Check:
2025-08-21 17:52:57,702 - INFO -   ✅ signal_generator: Activo (PID: 72392)
2025-08-21 17:53:02,956 - INFO -   ✅ API: Respondiendo (BTCUSDT: BUY)
2025-08-21 17:53:02,958 - INFO -   ✅ Espacio en disco: 40GB libres
2025-08-21 17:54:02,960 - INFO - 🏥 Health Check:
2025-08-21 17:54:02,963 - INFO -   ✅ signal_generator: Activo (PID: 72392)
2025-08-21 17:54:06,131 - INFO -   ✅ API: Respondiendo (BTCUSDT: BUY)
2025-08-21 17:54:06,131 - INFO -   ✅ Espacio en disco: 40GB libres
2025-08-21 17:55:06,134 - INFO - 🏥 Health Check:
2025-08-21 17:55:06,135 - INFO -   ✅ signal_generator: Activo (PID: 72392)
2025-08-21 17:55:08,683 - INFO -   ✅ API: Respondiendo (BTCUSDT: BUY)
2025-08-21 17:55:08,683 - INFO -   ✅ Espacio en disco: 40GB libres
2025-08-21 17:56:08,686 - INFO - 🏥 Health Check:
2025-08-21 17:56:08,686 - INFO -   ✅ signal_generator: Activo (PID: 72392)
2025-08-21 17:56:11,020 - INFO -   ✅ API: Respondiendo (BTCUSDT: BUY)
2025-08-21 17:56:11,021 - INFO -   ✅ Espacio en disco: 40GB libres
2025-08-21 17:57:11,028 - INFO - 🏥 Health Check:
2025-08-21 17:57:11,032 - INFO -   ✅ signal_generator: Activo (PID: 72392)
2025-08-21 17:57:11,054 - WARNING -   ⚠️ API: No responde
2025-08-21 17:57:11,055 - INFO -   ✅ Espacio en disco: 39GB libres
2025-08-21 17:58:11,057 - INFO - 🏥 Health Check:
2025-08-21 17:58:11,058 - INFO -   ✅ signal_generator: Activo (PID: 72392)
2025-08-21 17:58:13,872 - INFO -   ✅ API: Respondiendo (BTCUSDT: BUY)
2025-08-21 17:58:13,873 - INFO -   ✅ Espacio en disco: 39GB libres
2025-08-21 17:59:13,877 - INFO - 🏥 Health Check:
2025-08-21 17:59:13,879 - INFO -   ✅ signal_generator: Activo (PID: 72392)
2025-08-21 17:59:17,235 - INFO -   ✅ API: Respondiendo (BTCUSDT: BUY)
2025-08-21 17:59:17,237 - INFO -   ✅ Espacio en disco: 40GB libres
2025-08-21 18:00:17,254 - INFO - 🏥 Health Check:
2025-08-21 18:00:17,255 - INFO -   ✅ signal_generator: Activo (PID: 72392)
2025-08-21 18:00:19,835 - INFO -   ✅ API: Respondiendo (BTCUSDT: BUY)
2025-08-21 18:00:19,837 - INFO -   ✅ Espacio en disco: 40GB libres
2025-08-21 18:01:19,846 - INFO - 🏥 Health Check:
2025-08-21 18:01:19,849 - INFO -   ✅ signal_generator: Activo (PID: 72392)
2025-08-21 18:01:22,496 - INFO -   ✅ API: Respondiendo (BTCUSDT: BUY)
2025-08-21 18:01:22,497 - INFO -   ✅ Espacio en disco: 40GB libres
2025-08-21 18:02:22,500 - INFO - 🏥 Health Check:
2025-08-21 18:02:22,501 - INFO -   ✅ signal_generator: Activo (PID: 72392)
2025-08-21 18:02:24,888 - INFO -   ✅ API: Respondiendo (BTCUSDT: BUY)
2025-08-21 18:02:24,889 - INFO -   ✅ Espacio en disco: 40GB libres
2025-08-21 18:03:24,893 - INFO - 🏥 Health Check:
2025-08-21 18:03:24,896 - INFO -   ✅ signal_generator: Activo (PID: 72392)
2025-08-21 18:03:27,484 - INFO -   ✅ API: Respondiendo (BTCUSDT: BUY)
2025-08-21 18:03:27,485 - INFO -   ✅ Espacio en disco: 39GB libres
2025-08-21 18:04:27,487 - INFO - 🏥 Health Check:
2025-08-21 18:04:27,488 - INFO -   ✅ signal_generator: Activo (PID: 72392)
2025-08-21 18:04:29,970 - INFO -   ✅ API: Respondiendo (BTCUSDT: BUY)
2025-08-21 18:04:29,972 - INFO -   ✅ Espacio en disco: 39GB libres
2025-08-21 18:05:29,975 - INFO - 🏥 Health Check:
2025-08-21 18:05:29,976 - INFO -   ✅ signal_generator: Activo (PID: 72392)
2025-08-21 18:05:32,536 - INFO -   ✅ API: Respondiendo (BTCUSDT: BUY)
2025-08-21 18:05:32,537 - INFO -   ✅ Espacio en disco: 40GB libres
2025-08-21 18:06:32,541 - INFO - 🏥 Health Check:
2025-08-21 18:06:32,544 - INFO -   ✅ signal_generator: Activo (PID: 72392)
2025-08-21 18:06:35,100 - INFO -   ✅ API: Respondiendo (BTCUSDT: BUY)
2025-08-21 18:06:35,101 - INFO -   ✅ Espacio en disco: 40GB libres
2025-08-21 18:07:35,110 - INFO - 🏥 Health Check:
2025-08-21 18:07:35,116 - INFO -   ✅ signal_generator: Activo (PID: 72392)
2025-08-21 18:07:37,643 - INFO -   ✅ API: Respondiendo (BTCUSDT: BUY)
2025-08-21 18:07:37,645 - INFO -   ✅ Espacio en disco: 40GB libres
2025-08-21 18:08:37,648 - INFO - 🏥 Health Check:
2025-08-21 18:08:37,649 - INFO -   ✅ signal_generator: Activo (PID: 72392)
2025-08-21 18:08:40,173 - INFO -   ✅ API: Respondiendo (BTCUSDT: BUY)
2025-08-21 18:08:40,173 - INFO -   ✅ Espacio en disco: 40GB libres
2025-08-21 18:09:40,176 - INFO - 🏥 Health Check:
2025-08-21 18:09:40,178 - INFO -   ✅ signal_generator: Activo (PID: 72392)
2025-08-21 18:09:42,820 - INFO -   ✅ API: Respondiendo (BTCUSDT: BUY)
2025-08-21 18:09:42,820 - INFO -   ✅ Espacio en disco: 39GB libres
2025-08-21 18:10:42,823 - INFO - 🏥 Health Check:
2025-08-21 18:10:42,825 - INFO -   ✅ signal_generator: Activo (PID: 72392)
2025-08-21 18:10:45,194 - INFO -   ✅ API: Respondiendo (BTCUSDT: BUY)
2025-08-21 18:10:45,196 - INFO -   ✅ Espacio en disco: 39GB libres
2025-08-21 18:11:45,225 - INFO - 🏥 Health Check:
2025-08-21 18:11:45,228 - INFO -   ✅ signal_generator: Activo (PID: 72392)
2025-08-21 18:11:48,641 - INFO -   ✅ API: Respondiendo (BTCUSDT: BUY)
2025-08-21 18:11:48,645 - INFO -   ✅ Espacio en disco: 39GB libres
2025-08-21 18:12:48,652 - INFO - 🏥 Health Check:
2025-08-21 18:12:48,654 - INFO -   ✅ signal_generator: Activo (PID: 72392)
2025-08-21 18:12:54,013 - INFO -   ✅ API: Respondiendo (BTCUSDT: BUY)
2025-08-21 18:12:54,015 - INFO -   ✅ Espacio en disco: 39GB libres
2025-08-21 18:13:54,022 - INFO - 🏥 Health Check:
2025-08-21 18:13:54,025 - INFO -   ✅ signal_generator: Activo (PID: 72392)
2025-08-21 18:13:56,546 - INFO -   ✅ API: Respondiendo (BTCUSDT: BUY)
2025-08-21 18:13:56,548 - INFO -   ✅ Espacio en disco: 39GB libres
2025-08-21 18:14:56,551 - INFO - 🏥 Health Check:
2025-08-21 18:14:56,552 - INFO -   ✅ signal_generator: Activo (PID: 72392)
2025-08-21 18:14:59,129 - INFO -   ✅ API: Respondiendo (BTCUSDT: BUY)
2025-08-21 18:14:59,132 - INFO -   ✅ Espacio en disco: 39GB libres
2025-08-21 18:15:59,138 - INFO - 🏥 Health Check:
2025-08-21 18:15:59,141 - INFO -   ✅ signal_generator: Activo (PID: 72392)
2025-08-21 18:16:01,685 - INFO -   ✅ API: Respondiendo (BTCUSDT: BUY)
2025-08-21 18:16:01,686 - INFO -   ✅ Espacio en disco: 40GB libres
2025-08-21 18:17:01,681 - INFO - 🏥 Health Check:
2025-08-21 18:17:01,683 - INFO -   ✅ signal_generator: Activo (PID: 72392)
2025-08-21 18:17:04,102 - INFO -   ✅ API: Respondiendo (BTCUSDT: BUY)
2025-08-21 18:17:04,102 - INFO -   ✅ Espacio en disco: 40GB libres
2025-08-21 18:18:04,104 - INFO - 🏥 Health Check:
2025-08-21 18:18:04,105 - INFO -   ✅ signal_generator: Activo (PID: 72392)
2025-08-21 18:18:06,507 - INFO -   ✅ API: Respondiendo (BTCUSDT: BUY)
2025-08-21 18:18:06,507 - INFO -   ✅ Espacio en disco: 40GB libres
2025-08-21 18:19:06,509 - INFO - 🏥 Health Check:
2025-08-21 18:19:06,510 - INFO -   ✅ signal_generator: Activo (PID: 72392)
2025-08-21 18:19:08,983 - INFO -   ✅ API: Respondiendo (BTCUSDT: BUY)
2025-08-21 18:19:08,983 - INFO -   ✅ Espacio en disco: 40GB libres
2025-08-21 18:20:08,989 - INFO - 🏥 Health Check:
2025-08-21 18:20:08,994 - INFO -   ✅ signal_generator: Activo (PID: 72392)
2025-08-21 18:20:11,550 - INFO -   ✅ API: Respondiendo (BTCUSDT: BUY)
2025-08-21 18:20:11,551 - INFO -   ✅ Espacio en disco: 40GB libres
2025-08-21 18:21:11,557 - INFO - 🏥 Health Check:
2025-08-21 18:21:11,560 - INFO -   ✅ signal_generator: Activo (PID: 72392)
2025-08-21 18:21:14,142 - INFO -   ✅ API: Respondiendo (BTCUSDT: BUY)
2025-08-21 18:21:14,146 - INFO -   ✅ Espacio en disco: 40GB libres
2025-08-21 18:22:14,150 - INFO - 🏥 Health Check:
2025-08-21 18:22:14,152 - INFO -   ✅ signal_generator: Activo (PID: 72392)
2025-08-21 18:22:16,699 - INFO -   ✅ API: Respondiendo (BTCUSDT: BUY)
2025-08-21 18:22:16,701 - INFO -   ✅ Espacio en disco: 39GB libres
2025-08-21 18:23:16,718 - INFO - 🏥 Health Check:
2025-08-21 18:23:16,720 - INFO -   ✅ signal_generator: Activo (PID: 72392)
2025-08-21 18:23:17,049 - WARNING -   ⚠️ API: No responde
2025-08-21 18:23:17,053 - INFO -   ✅ Espacio en disco: 39GB libres
2025-08-21 18:24:17,057 - INFO - 🏥 Health Check:
2025-08-21 18:24:17,058 - INFO -   ✅ signal_generator: Activo (PID: 72392)
2025-08-21 18:24:19,648 - INFO -   ✅ API: Respondiendo (BTCUSDT: BUY)
2025-08-21 18:24:19,649 - INFO -   ✅ Espacio en disco: 39GB libres
2025-08-21 18:25:19,654 - INFO - 🏥 Health Check:
2025-08-21 18:25:19,659 - INFO -   ✅ signal_generator: Activo (PID: 72392)
2025-08-21 18:25:22,241 - INFO -   ✅ API: Respondiendo (BTCUSDT: BUY)
2025-08-21 18:25:22,243 - INFO -   ✅ Espacio en disco: 39GB libres
2025-08-21 18:26:22,246 - INFO - 🏥 Health Check:
2025-08-21 18:26:22,247 - INFO -   ✅ signal_generator: Activo (PID: 72392)
2025-08-21 18:26:24,602 - INFO -   ✅ API: Respondiendo (BTCUSDT: BUY)
2025-08-21 18:26:24,602 - INFO -   ✅ Espacio en disco: 39GB libres
2025-08-21 18:27:24,605 - INFO - 🏥 Health Check:
2025-08-21 18:27:24,606 - INFO -   ✅ signal_generator: Activo (PID: 72392)
2025-08-21 18:27:26,993 - INFO -   ✅ API: Respondiendo (BTCUSDT: BUY)
2025-08-21 18:27:26,994 - INFO -   ✅ Espacio en disco: 39GB libres
2025-08-21 18:28:26,997 - INFO - 🏥 Health Check:
2025-08-21 18:28:26,998 - INFO -   ✅ signal_generator: Activo (PID: 72392)
2025-08-21 18:28:29,420 - INFO -   ✅ API: Respondiendo (BTCUSDT: BUY)
2025-08-21 18:28:29,422 - INFO -   ✅ Espacio en disco: 38GB libres
2025-08-21 18:29:29,430 - INFO - 🏥 Health Check:
2025-08-21 18:29:29,433 - INFO -   ✅ signal_generator: Activo (PID: 72392)
2025-08-21 18:29:31,951 - INFO -   ✅ API: Respondiendo (BTCUSDT: BUY)
2025-08-21 18:29:31,952 - INFO -   ✅ Espacio en disco: 37GB libres
2025-08-21 18:30:31,967 - INFO - 🏥 Health Check:
2025-08-21 18:30:31,974 - INFO -   ✅ signal_generator: Activo (PID: 72392)
2025-08-21 18:30:35,186 - INFO -   ✅ API: Respondiendo (BTCUSDT: BUY)
2025-08-21 18:30:35,192 - INFO -   ✅ Espacio en disco: 37GB libres
2025-08-21 18:31:35,199 - INFO - 🏥 Health Check:
2025-08-21 18:31:35,202 - INFO -   ✅ signal_generator: Activo (PID: 72392)
2025-08-21 18:31:41,131 - WARNING -   ⚠️ API: No responde
2025-08-21 18:31:41,133 - INFO -   ✅ Espacio en disco: 38GB libres
2025-08-21 18:32:41,136 - INFO - 🏥 Health Check:
2025-08-21 18:32:41,137 - INFO -   ✅ signal_generator: Activo (PID: 72392)
2025-08-21 18:32:41,157 - WARNING -   ⚠️ API: No responde
2025-08-21 18:32:41,157 - INFO -   ✅ Espacio en disco: 38GB libres
2025-08-21 18:33:41,172 - INFO - 🏥 Health Check:
2025-08-21 18:33:41,173 - INFO -   ✅ signal_generator: Activo (PID: 72392)
2025-08-21 18:33:44,705 - INFO -   ✅ API: Respondiendo (BTCUSDT: BUY)
2025-08-21 18:33:44,712 - INFO -   ✅ Espacio en disco: 38GB libres
2025-08-21 18:34:44,720 - INFO - 🏥 Health Check:
2025-08-21 18:34:44,723 - INFO -   ✅ signal_generator: Activo (PID: 72392)
2025-08-21 18:34:47,182 - INFO -   ✅ API: Respondiendo (BTCUSDT: BUY)
2025-08-21 18:34:47,186 - INFO -   ✅ Espacio en disco: 39GB libres
2025-08-21 18:35:47,195 - INFO - 🏥 Health Check:
2025-08-21 18:35:47,198 - INFO -   ✅ signal_generator: Activo (PID: 72392)
2025-08-21 18:35:49,981 - INFO -   ✅ API: Respondiendo (BTCUSDT: BUY)
2025-08-21 18:35:49,982 - INFO -   ✅ Espacio en disco: 38GB libres
2025-08-21 18:36:49,991 - INFO - 🏥 Health Check:
2025-08-21 18:36:49,994 - INFO -   ✅ signal_generator: Activo (PID: 72392)
2025-08-21 18:36:54,136 - INFO -   ✅ API: Respondiendo (BTCUSDT: BUY)
2025-08-21 18:36:54,165 - INFO -   ✅ Espacio en disco: 38GB libres
2025-08-21 18:37:02,873 - WARNING - ⚠️ Proceso signal_generator terminado con código -15
2025-08-21 18:37:02,874 - INFO - 🔄 Reiniciando signal_generator (intento 1)
2025-08-21 18:37:07,876 - INFO - 🚀 Iniciando generador de señales...
2025-08-21 18:37:07,885 - INFO - ✅ Generador de señales iniciado (PID: 89861)
2025-08-21 18:37:07,889 - WARNING - ⚠️ Proceso signal_generator terminado con código -15
2025-08-21 18:37:07,889 - INFO - 🔄 Reiniciando signal_generator (intento 2)
2025-08-21 18:37:12,909 - INFO - 🚀 Iniciando generador de señales...
2025-08-21 18:37:13,001 - INFO - ✅ Generador de señales iniciado (PID: 89898)
2025-08-21 18:37:13,005 - WARNING - ⚠️ Proceso signal_generator terminado con código -15
2025-08-21 18:37:13,005 - INFO - 🔄 Reiniciando signal_generator (intento 3)
2025-08-21 18:37:18,013 - INFO - 🚀 Iniciando generador de señales...
2025-08-21 18:37:18,040 - INFO - ✅ Generador de señales iniciado (PID: 89928)
2025-08-21 18:37:18,042 - WARNING - ⚠️ Proceso signal_generator terminado con código -15
2025-08-21 18:37:18,042 - INFO - 🔄 Reiniciando signal_generator (intento 4)
2025-08-21 18:37:23,049 - INFO - 🚀 Iniciando generador de señales...
2025-08-21 18:37:23,062 - INFO - ✅ Generador de señales iniciado (PID: 90001)
2025-08-21 18:37:23,062 - WARNING - ⚠️ Proceso signal_generator terminado con código -15
2025-08-21 18:37:23,062 - INFO - 🔄 Reiniciando signal_generator (intento 5)
2025-08-21 18:37:28,065 - INFO - 🚀 Iniciando generador de señales...
2025-08-21 18:37:28,078 - INFO - ✅ Generador de señales iniciado (PID: 90026)
2025-08-21 18:37:28,078 - WARNING - ⚠️ Proceso signal_generator terminado con código -15
2025-08-21 18:37:28,082 - ERROR - ❌ signal_generator falló demasiadas veces. Deteniendo monitoreo.
2025-08-21 18:37:54,170 - INFO - 🏥 Health Check:
2025-08-21 18:37:54,171 - INFO -   ✅ signal_generator: Activo (PID: 90026)
2025-08-21 18:37:56,678 - INFO -   ✅ API: Respondiendo (BTCUSDT: BUY)
2025-08-21 18:37:56,679 - INFO -   ✅ Espacio en disco: 37GB libres
2025-08-21 18:38:37,945 - INFO - 🧹 Ejecutando mantenimiento de base de datos...
2025-08-21 18:38:56,681 - INFO - 🏥 Health Check:
2025-08-21 18:38:56,682 - INFO -   ✅ signal_generator: Activo (PID: 90026)
2025-08-21 18:39:01,610 - INFO -   ✅ API: Respondiendo (BTCUSDT: BUY)
2025-08-21 18:39:01,612 - INFO -   ✅ Espacio en disco: 39GB libres
2025-08-21 18:40:01,615 - INFO - 🏥 Health Check:
2025-08-21 18:40:01,617 - INFO -   ✅ signal_generator: Activo (PID: 90026)
2025-08-21 18:40:04,108 - INFO -   ✅ API: Respondiendo (BTCUSDT: BUY)
2025-08-21 18:40:04,109 - INFO -   ✅ Espacio en disco: 39GB libres
2025-08-21 18:41:04,112 - INFO - 🏥 Health Check:
2025-08-21 18:41:04,113 - INFO -   ✅ signal_generator: Activo (PID: 90026)
2025-08-21 18:41:06,532 - INFO -   ✅ API: Respondiendo (BTCUSDT: BUY)
2025-08-21 18:41:06,533 - INFO -   ✅ Espacio en disco: 39GB libres
2025-08-21 18:42:06,540 - INFO - 🏥 Health Check:
2025-08-21 18:42:06,544 - INFO -   ✅ signal_generator: Activo (PID: 90026)
2025-08-21 18:42:08,948 - INFO -   ✅ API: Respondiendo (BTCUSDT: BUY)
2025-08-21 18:42:08,952 - INFO -   ✅ Espacio en disco: 39GB libres
2025-08-21 18:43:08,955 - INFO - 🏥 Health Check:
2025-08-21 18:43:08,957 - INFO -   ✅ signal_generator: Activo (PID: 90026)
2025-08-21 18:43:11,831 - INFO -   ✅ API: Respondiendo (BTCUSDT: BUY)
2025-08-21 18:43:11,831 - INFO -   ✅ Espacio en disco: 39GB libres
2025-08-21 18:44:11,834 - INFO - 🏥 Health Check:
2025-08-21 18:44:11,836 - INFO -   ✅ signal_generator: Activo (PID: 90026)
2025-08-21 18:44:14,310 - INFO -   ✅ API: Respondiendo (BTCUSDT: BUY)
2025-08-21 18:44:14,310 - INFO -   ✅ Espacio en disco: 39GB libres
2025-08-21 18:45:14,313 - INFO - 🏥 Health Check:
2025-08-21 18:45:14,317 - INFO -   ✅ signal_generator: Activo (PID: 90026)
2025-08-21 18:45:16,954 - INFO -   ✅ API: Respondiendo (BTCUSDT: BUY)
2025-08-21 18:45:16,967 - INFO -   ✅ Espacio en disco: 39GB libres
2025-08-21 18:46:16,971 - INFO - 🏥 Health Check:
2025-08-21 18:46:16,973 - INFO -   ✅ signal_generator: Activo (PID: 90026)
2025-08-21 18:46:19,527 - INFO -   ✅ API: Respondiendo (BTCUSDT: BUY)
2025-08-21 18:46:19,527 - INFO -   ✅ Espacio en disco: 38GB libres
2025-08-21 18:47:19,532 - INFO - 🏥 Health Check:
2025-08-21 18:47:19,534 - INFO -   ✅ signal_generator: Activo (PID: 90026)
2025-08-21 18:47:21,968 - INFO -   ✅ API: Respondiendo (BTCUSDT: BUY)
2025-08-21 18:47:21,969 - INFO -   ✅ Espacio en disco: 38GB libres
2025-08-21 18:48:21,971 - INFO - 🏥 Health Check:
2025-08-21 18:48:21,973 - INFO -   ✅ signal_generator: Activo (PID: 90026)
2025-08-21 18:48:24,332 - INFO -   ✅ API: Respondiendo (BTCUSDT: BUY)
2025-08-21 18:48:24,333 - INFO -   ✅ Espacio en disco: 38GB libres
2025-08-21 18:49:24,339 - INFO - 🏥 Health Check:
2025-08-21 18:49:24,341 - INFO -   ✅ signal_generator: Activo (PID: 90026)
2025-08-21 18:49:27,242 - INFO -   ✅ API: Respondiendo (BTCUSDT: BUY)
2025-08-21 18:49:27,259 - INFO -   ✅ Espacio en disco: 38GB libres
2025-08-21 18:50:27,267 - INFO - 🏥 Health Check:
2025-08-21 18:50:27,268 - INFO -   ✅ signal_generator: Activo (PID: 90026)
2025-08-21 18:50:30,238 - INFO -   ✅ API: Respondiendo (BTCUSDT: BUY)
2025-08-21 18:50:30,239 - INFO -   ✅ Espacio en disco: 38GB libres
2025-08-21 18:51:30,247 - INFO - 🏥 Health Check:
2025-08-21 18:51:30,253 - INFO -   ✅ signal_generator: Activo (PID: 90026)
2025-08-21 18:51:33,917 - INFO -   ✅ API: Respondiendo (BTCUSDT: BUY)
2025-08-21 18:51:33,918 - INFO -   ✅ Espacio en disco: 37GB libres
2025-08-21 18:52:33,922 - INFO - 🏥 Health Check:
2025-08-21 18:52:33,923 - INFO -   ✅ signal_generator: Activo (PID: 90026)
2025-08-21 18:52:37,139 - INFO -   ✅ API: Respondiendo (BTCUSDT: BUY)
2025-08-21 18:52:37,141 - INFO -   ✅ Espacio en disco: 37GB libres
2025-08-21 18:53:37,151 - INFO - 🏥 Health Check:
2025-08-21 18:53:37,154 - INFO -   ✅ signal_generator: Activo (PID: 90026)
2025-08-21 18:53:39,618 - INFO -   ✅ API: Respondiendo (BTCUSDT: BUY)
2025-08-21 18:53:39,621 - INFO -   ✅ Espacio en disco: 37GB libres
2025-08-21 18:54:39,624 - INFO - 🏥 Health Check:
2025-08-21 18:54:39,626 - INFO -   ✅ signal_generator: Activo (PID: 90026)
2025-08-21 18:54:42,089 - INFO -   ✅ API: Respondiendo (BTCUSDT: BUY)
2025-08-21 18:54:42,096 - INFO -   ✅ Espacio en disco: 37GB libres
2025-08-21 18:55:42,100 - INFO - 🏥 Health Check:
2025-08-21 18:55:42,101 - INFO -   ✅ signal_generator: Activo (PID: 90026)
2025-08-21 18:55:45,140 - INFO -   ✅ API: Respondiendo (BTCUSDT: BUY)
2025-08-21 18:55:45,141 - INFO -   ✅ Espacio en disco: 37GB libres
2025-08-21 18:56:45,144 - INFO - 🏥 Health Check:
2025-08-21 18:56:45,146 - INFO -   ✅ signal_generator: Activo (PID: 90026)
2025-08-21 18:56:47,612 - INFO -   ✅ API: Respondiendo (BTCUSDT: BUY)
2025-08-21 18:56:47,613 - INFO -   ✅ Espacio en disco: 37GB libres
2025-08-21 18:57:47,622 - INFO - 🏥 Health Check:
2025-08-21 18:57:47,641 - INFO -   ✅ signal_generator: Activo (PID: 90026)
2025-08-21 18:57:51,199 - INFO -   ✅ API: Respondiendo (BTCUSDT: BUY)
2025-08-21 18:57:51,251 - INFO -   ✅ Espacio en disco: 39GB libres
2025-08-21 18:58:51,254 - INFO - 🏥 Health Check:
2025-08-21 18:58:51,257 - INFO -   ✅ signal_generator: Activo (PID: 90026)
2025-08-21 18:58:57,183 - WARNING -   ⚠️ API: No responde
2025-08-21 18:58:57,184 - INFO -   ✅ Espacio en disco: 39GB libres
2025-08-21 18:59:57,188 - INFO - 🏥 Health Check:
2025-08-21 18:59:57,191 - INFO -   ✅ signal_generator: Activo (PID: 90026)
2025-08-21 19:00:02,661 - INFO -   ✅ API: Respondiendo (BTCUSDT: BUY)
2025-08-21 19:00:02,662 - INFO -   ✅ Espacio en disco: 39GB libres
2025-08-21 19:01:02,664 - INFO - 🏥 Health Check:
2025-08-21 19:01:02,666 - INFO -   ✅ signal_generator: Activo (PID: 90026)
2025-08-21 19:01:04,980 - INFO -   ✅ API: Respondiendo (BTCUSDT: BUY)
2025-08-21 19:01:04,981 - INFO -   ✅ Espacio en disco: 39GB libres
2025-08-21 19:02:04,995 - INFO - 🏥 Health Check:
2025-08-21 19:02:04,998 - INFO -   ✅ signal_generator: Activo (PID: 90026)
2025-08-21 19:02:07,536 - INFO -   ✅ API: Respondiendo (BTCUSDT: BUY)
2025-08-21 19:02:07,537 - INFO -   ✅ Espacio en disco: 38GB libres
2025-08-21 19:03:07,540 - INFO - 🏥 Health Check:
2025-08-21 19:03:07,542 - INFO -   ✅ signal_generator: Activo (PID: 90026)
2025-08-21 19:03:09,965 - INFO -   ✅ API: Respondiendo (BTCUSDT: BUY)
2025-08-21 19:03:09,966 - INFO -   ✅ Espacio en disco: 39GB libres
2025-08-21 19:04:09,969 - INFO - 🏥 Health Check:
2025-08-21 19:04:09,970 - INFO -   ✅ signal_generator: Activo (PID: 90026)
2025-08-21 19:04:12,336 - INFO -   ✅ API: Respondiendo (BTCUSDT: BUY)
2025-08-21 19:04:12,337 - INFO -   ✅ Espacio en disco: 39GB libres
2025-08-21 19:05:12,340 - INFO - 🏥 Health Check:
2025-08-21 19:05:12,341 - INFO -   ✅ signal_generator: Activo (PID: 90026)
2025-08-21 19:05:14,677 - INFO -   ✅ API: Respondiendo (BTCUSDT: BUY)
2025-08-21 19:05:14,678 - INFO -   ✅ Espacio en disco: 39GB libres
2025-08-21 19:06:14,681 - INFO - 🏥 Health Check:
2025-08-21 19:06:14,683 - INFO -   ✅ signal_generator: Activo (PID: 90026)
2025-08-21 19:06:17,166 - INFO -   ✅ API: Respondiendo (BTCUSDT: BUY)
2025-08-21 19:06:17,168 - INFO -   ✅ Espacio en disco: 39GB libres
2025-08-21 19:07:17,171 - INFO - 🏥 Health Check:
2025-08-21 19:07:17,172 - INFO -   ✅ signal_generator: Activo (PID: 90026)
2025-08-21 19:07:19,635 - INFO -   ✅ API: Respondiendo (BTCUSDT: BUY)
2025-08-21 19:07:19,635 - INFO -   ✅ Espacio en disco: 39GB libres
2025-08-21 19:08:19,638 - INFO - 🏥 Health Check:
2025-08-21 19:08:19,639 - INFO -   ✅ signal_generator: Activo (PID: 90026)
2025-08-21 19:08:22,004 - INFO -   ✅ API: Respondiendo (BTCUSDT: BUY)
2025-08-21 19:08:22,005 - INFO -   ✅ Espacio en disco: 39GB libres
2025-08-21 19:09:22,016 - INFO - 🏥 Health Check:
2025-08-21 19:09:22,018 - INFO -   ✅ signal_generator: Activo (PID: 90026)
2025-08-21 19:09:24,620 - INFO -   ✅ API: Respondiendo (BTCUSDT: BUY)
2025-08-21 19:09:24,622 - INFO -   ✅ Espacio en disco: 39GB libres
2025-08-21 19:10:24,624 - INFO - 🏥 Health Check:
2025-08-21 19:10:24,625 - INFO -   ✅ signal_generator: Activo (PID: 90026)
2025-08-21 19:10:27,108 - INFO -   ✅ API: Respondiendo (BTCUSDT: BUY)
2025-08-21 19:10:27,109 - INFO -   ✅ Espacio en disco: 39GB libres
2025-08-21 19:11:27,114 - INFO - 🏥 Health Check:
2025-08-21 19:11:27,116 - INFO -   ✅ signal_generator: Activo (PID: 90026)
2025-08-21 19:11:29,800 - INFO -   ✅ API: Respondiendo (BTCUSDT: BUY)
2025-08-21 19:11:29,804 - INFO -   ✅ Espacio en disco: 38GB libres
2025-08-21 19:12:29,808 - INFO - 🏥 Health Check:
2025-08-21 19:12:29,811 - INFO -   ✅ signal_generator: Activo (PID: 90026)
2025-08-21 19:12:32,430 - INFO -   ✅ API: Respondiendo (BTCUSDT: BUY)
2025-08-21 19:12:32,431 - INFO -   ✅ Espacio en disco: 38GB libres
2025-08-21 19:13:32,436 - INFO - 🏥 Health Check:
2025-08-21 19:13:32,438 - INFO -   ✅ signal_generator: Activo (PID: 90026)
2025-08-21 19:13:34,939 - INFO -   ✅ API: Respondiendo (BTCUSDT: BUY)
2025-08-21 19:13:34,940 - INFO -   ✅ Espacio en disco: 38GB libres
2025-08-21 19:14:34,971 - INFO - 🏥 Health Check:
2025-08-21 19:14:34,973 - INFO -   ✅ signal_generator: Activo (PID: 90026)
2025-08-21 19:14:37,597 - INFO -   ✅ API: Respondiendo (BTCUSDT: BUY)
2025-08-21 19:14:37,599 - INFO -   ✅ Espacio en disco: 37GB libres
2025-08-21 19:15:37,608 - INFO - 🏥 Health Check:
2025-08-21 19:15:37,612 - INFO -   ✅ signal_generator: Activo (PID: 90026)
2025-08-21 19:15:40,814 - INFO -   ✅ API: Respondiendo (BTCUSDT: BUY)
2025-08-21 19:15:40,816 - INFO -   ✅ Espacio en disco: 38GB libres
2025-08-21 19:16:40,821 - INFO - 🏥 Health Check:
2025-08-21 19:16:40,824 - INFO -   ✅ signal_generator: Activo (PID: 90026)
2025-08-21 19:16:43,228 - INFO -   ✅ API: Respondiendo (BTCUSDT: BUY)
2025-08-21 19:16:43,229 - INFO -   ✅ Espacio en disco: 38GB libres
2025-08-21 19:17:43,244 - INFO - 🏥 Health Check:
2025-08-21 19:17:43,248 - INFO -   ✅ signal_generator: Activo (PID: 90026)
2025-08-21 19:17:45,675 - INFO -   ✅ API: Respondiendo (BTCUSDT: BUY)
2025-08-21 19:17:45,678 - INFO -   ✅ Espacio en disco: 38GB libres
2025-08-21 19:18:45,682 - INFO - 🏥 Health Check:
2025-08-21 19:18:45,683 - INFO -   ✅ signal_generator: Activo (PID: 90026)
2025-08-21 19:18:48,265 - INFO -   ✅ API: Respondiendo (BTCUSDT: BUY)
2025-08-21 19:18:48,272 - INFO -   ✅ Espacio en disco: 38GB libres
2025-08-21 19:19:48,279 - INFO - 🏥 Health Check:
2025-08-21 19:19:48,281 - INFO -   ✅ signal_generator: Activo (PID: 90026)
2025-08-21 19:19:52,913 - INFO -   ✅ API: Respondiendo (BTCUSDT: BUY)
2025-08-21 19:19:52,914 - INFO -   ✅ Espacio en disco: 38GB libres
2025-08-21 19:20:52,917 - INFO - 🏥 Health Check:
2025-08-21 19:20:52,918 - INFO -   ✅ signal_generator: Activo (PID: 90026)
2025-08-21 19:20:55,418 - INFO -   ✅ API: Respondiendo (BTCUSDT: BUY)
2025-08-21 19:20:55,418 - INFO -   ✅ Espacio en disco: 38GB libres
2025-08-21 19:21:55,411 - INFO - 🏥 Health Check:
2025-08-21 19:21:55,413 - INFO -   ✅ signal_generator: Activo (PID: 90026)
2025-08-21 19:21:57,850 - INFO -   ✅ API: Respondiendo (BTCUSDT: BUY)
2025-08-21 19:21:57,852 - INFO -   ✅ Espacio en disco: 38GB libres
2025-08-21 19:22:57,851 - INFO - 🏥 Health Check:
2025-08-21 19:22:57,853 - INFO -   ✅ signal_generator: Activo (PID: 90026)
2025-08-21 19:23:00,261 - INFO -   ✅ API: Respondiendo (BTCUSDT: BUY)
2025-08-21 19:23:00,262 - INFO -   ✅ Espacio en disco: 37GB libres
2025-08-21 19:24:00,278 - INFO - 🏥 Health Check:
2025-08-21 19:24:00,284 - INFO -   ✅ signal_generator: Activo (PID: 90026)
2025-08-21 19:24:03,260 - INFO -   ✅ API: Respondiendo (BTCUSDT: BUY)
2025-08-21 19:24:03,272 - INFO -   ✅ Espacio en disco: 36GB libres
2025-08-21 19:25:03,275 - INFO - 🏥 Health Check:
2025-08-21 19:25:03,277 - INFO -   ✅ signal_generator: Activo (PID: 90026)
2025-08-21 19:25:06,543 - INFO -   ✅ API: Respondiendo (BTCUSDT: BUY)
2025-08-21 19:25:06,548 - INFO -   ✅ Espacio en disco: 39GB libres
2025-08-21 19:26:06,555 - INFO - 🏥 Health Check:
2025-08-21 19:26:06,559 - INFO -   ✅ signal_generator: Activo (PID: 90026)
2025-08-21 19:26:09,023 - INFO -   ✅ API: Respondiendo (BTCUSDT: BUY)
2025-08-21 19:26:09,031 - INFO -   ✅ Espacio en disco: 39GB libres
2025-08-21 19:27:09,035 - INFO - 🏥 Health Check:
2025-08-21 19:27:09,037 - INFO -   ✅ signal_generator: Activo (PID: 90026)
2025-08-21 19:27:11,537 - INFO -   ✅ API: Respondiendo (BTCUSDT: BUY)
2025-08-21 19:27:11,539 - INFO -   ✅ Espacio en disco: 39GB libres
2025-08-21 19:28:11,542 - INFO - 🏥 Health Check:
2025-08-21 19:28:11,543 - INFO -   ✅ signal_generator: Activo (PID: 90026)
2025-08-21 19:28:16,183 - INFO -   ✅ API: Respondiendo (BTCUSDT: BUY)
2025-08-21 19:28:16,184 - INFO -   ✅ Espacio en disco: 39GB libres
2025-08-21 19:29:16,195 - INFO - 🏥 Health Check:
2025-08-21 19:29:16,201 - INFO -   ✅ signal_generator: Activo (PID: 90026)
2025-08-21 19:29:18,803 - INFO -   ✅ API: Respondiendo (BTCUSDT: BUY)
2025-08-21 19:29:18,804 - INFO -   ✅ Espacio en disco: 37GB libres
2025-08-21 19:30:18,808 - INFO - 🏥 Health Check:
2025-08-21 19:30:18,810 - INFO -   ✅ signal_generator: Activo (PID: 90026)
2025-08-21 19:30:21,309 - INFO -   ✅ API: Respondiendo (BTCUSDT: BUY)
2025-08-21 19:30:21,310 - INFO -   ✅ Espacio en disco: 38GB libres
2025-08-21 19:31:21,313 - INFO - 🏥 Health Check:
2025-08-21 19:31:21,314 - INFO -   ✅ signal_generator: Activo (PID: 90026)
2025-08-21 19:31:23,835 - INFO -   ✅ API: Respondiendo (BTCUSDT: BUY)
2025-08-21 19:31:23,838 - INFO -   ✅ Espacio en disco: 38GB libres
2025-08-21 19:32:23,842 - INFO - 🏥 Health Check:
2025-08-21 19:32:23,845 - INFO -   ✅ signal_generator: Activo (PID: 90026)
2025-08-21 19:32:26,500 - INFO -   ✅ API: Respondiendo (BTCUSDT: BUY)
2025-08-21 19:32:26,501 - INFO -   ✅ Espacio en disco: 38GB libres
2025-08-21 19:33:26,505 - INFO - 🏥 Health Check:
2025-08-21 19:33:26,507 - INFO -   ✅ signal_generator: Activo (PID: 90026)
2025-08-21 19:33:29,122 - INFO -   ✅ API: Respondiendo (BTCUSDT: BUY)
2025-08-21 19:33:29,123 - INFO -   ✅ Espacio en disco: 39GB libres
2025-08-21 19:34:29,126 - INFO - 🏥 Health Check:
2025-08-21 19:34:29,128 - INFO -   ✅ signal_generator: Activo (PID: 90026)
2025-08-21 19:34:31,575 - INFO -   ✅ API: Respondiendo (BTCUSDT: BUY)
2025-08-21 19:34:31,576 - INFO -   ✅ Espacio en disco: 38GB libres
2025-08-21 19:35:31,578 - INFO - 🏥 Health Check:
2025-08-21 19:35:31,580 - INFO -   ✅ signal_generator: Activo (PID: 90026)
2025-08-21 19:35:34,112 - INFO -   ✅ API: Respondiendo (BTCUSDT: BUY)
2025-08-21 19:35:34,117 - INFO -   ✅ Espacio en disco: 38GB libres
2025-08-21 19:36:34,120 - INFO - 🏥 Health Check:
2025-08-21 19:36:34,122 - INFO -   ✅ signal_generator: Activo (PID: 90026)
2025-08-21 19:36:36,666 - INFO -   ✅ API: Respondiendo (BTCUSDT: BUY)
2025-08-21 19:36:36,667 - INFO -   ✅ Espacio en disco: 38GB libres
2025-08-21 19:37:36,661 - INFO - 🏥 Health Check:
2025-08-21 19:37:36,668 - INFO -   ✅ signal_generator: Activo (PID: 90026)
2025-08-21 19:37:39,686 - INFO -   ✅ API: Respondiendo (BTCUSDT: BUY)
2025-08-21 19:37:39,689 - INFO -   ✅ Espacio en disco: 37GB libres
2025-08-21 19:38:38,056 - INFO - 🧹 Ejecutando mantenimiento de base de datos...
2025-08-21 19:38:39,690 - INFO - 🏥 Health Check:
2025-08-21 19:38:39,690 - INFO -   ✅ signal_generator: Activo (PID: 90026)
2025-08-21 19:38:42,406 - INFO -   ✅ API: Respondiendo (BTCUSDT: BUY)
2025-08-21 19:38:42,407 - INFO -   ✅ Espacio en disco: 37GB libres
2025-08-21 19:39:42,410 - INFO - 🏥 Health Check:
2025-08-21 19:39:42,411 - INFO -   ✅ signal_generator: Activo (PID: 90026)
2025-08-21 19:39:44,896 - INFO -   ✅ API: Respondiendo (BTCUSDT: BUY)
2025-08-21 19:39:44,896 - INFO -   ✅ Espacio en disco: 37GB libres
2025-08-21 19:40:44,900 - INFO - 🏥 Health Check:
2025-08-21 19:40:44,908 - INFO -   ✅ signal_generator: Activo (PID: 90026)
2025-08-21 19:40:47,397 - INFO -   ✅ API: Respondiendo (BTCUSDT: BUY)
2025-08-21 19:40:47,399 - INFO -   ✅ Espacio en disco: 37GB libres
2025-08-21 19:41:47,404 - INFO - 🏥 Health Check:
2025-08-21 19:41:47,406 - INFO -   ✅ signal_generator: Activo (PID: 90026)
2025-08-21 19:41:49,805 - INFO -   ✅ API: Respondiendo (BTCUSDT: BUY)
2025-08-21 19:41:49,805 - INFO -   ✅ Espacio en disco: 36GB libres
2025-08-21 19:42:49,808 - INFO - 🏥 Health Check:
2025-08-21 19:42:49,810 - INFO -   ✅ signal_generator: Activo (PID: 90026)
2025-08-21 19:42:52,537 - INFO -   ✅ API: Respondiendo (BTCUSDT: BUY)
2025-08-21 19:42:52,538 - INFO -   ✅ Espacio en disco: 36GB libres
2025-08-21 19:43:52,541 - INFO - 🏥 Health Check:
2025-08-21 19:43:52,543 - INFO -   ✅ signal_generator: Activo (PID: 90026)
2025-08-21 19:43:55,026 - INFO -   ✅ API: Respondiendo (BTCUSDT: BUY)
2025-08-21 19:43:55,026 - INFO -   ✅ Espacio en disco: 36GB libres
2025-08-21 19:44:55,030 - INFO - 🏥 Health Check:
2025-08-21 19:44:55,032 - INFO -   ✅ signal_generator: Activo (PID: 90026)
2025-08-21 19:44:57,422 - INFO -   ✅ API: Respondiendo (BTCUSDT: BUY)
2025-08-21 19:44:57,422 - INFO -   ✅ Espacio en disco: 36GB libres
2025-08-21 19:45:57,425 - INFO - 🏥 Health Check:
2025-08-21 19:45:57,426 - INFO -   ✅ signal_generator: Activo (PID: 90026)
2025-08-21 19:45:59,854 - INFO -   ✅ API: Respondiendo (BTCUSDT: BUY)
2025-08-21 19:45:59,855 - INFO -   ✅ Espacio en disco: 36GB libres
2025-08-21 19:46:59,857 - INFO - 🏥 Health Check:
2025-08-21 19:46:59,858 - INFO -   ✅ signal_generator: Activo (PID: 90026)
2025-08-21 19:47:02,337 - INFO -   ✅ API: Respondiendo (BTCUSDT: BUY)
2025-08-21 19:47:02,338 - INFO -   ✅ Espacio en disco: 36GB libres
2025-08-21 19:48:02,340 - INFO - 🏥 Health Check:
2025-08-21 19:48:02,341 - INFO -   ✅ signal_generator: Activo (PID: 90026)
2025-08-21 19:48:04,815 - INFO -   ✅ API: Respondiendo (BTCUSDT: BUY)
2025-08-21 19:48:04,815 - INFO -   ✅ Espacio en disco: 36GB libres
2025-08-21 19:49:04,817 - INFO - 🏥 Health Check:
2025-08-21 19:49:04,818 - INFO -   ✅ signal_generator: Activo (PID: 90026)
2025-08-21 19:49:07,156 - INFO -   ✅ API: Respondiendo (BTCUSDT: BUY)
2025-08-21 19:49:07,156 - INFO -   ✅ Espacio en disco: 36GB libres
2025-08-21 19:50:07,159 - INFO - 🏥 Health Check:
2025-08-21 19:50:07,160 - INFO -   ✅ signal_generator: Activo (PID: 90026)
2025-08-21 19:50:09,603 - INFO -   ✅ API: Respondiendo (BTCUSDT: BUY)
2025-08-21 19:50:09,604 - INFO -   ✅ Espacio en disco: 36GB libres
2025-08-21 19:51:09,608 - INFO - 🏥 Health Check:
2025-08-21 19:51:09,610 - INFO -   ✅ signal_generator: Activo (PID: 90026)
2025-08-21 19:51:12,359 - INFO -   ✅ API: Respondiendo (BTCUSDT: BUY)
2025-08-21 19:51:12,370 - INFO -   ✅ Espacio en disco: 38GB libres
2025-08-21 19:52:12,385 - INFO - 🏥 Health Check:
2025-08-21 19:52:12,412 - INFO -   ✅ signal_generator: Activo (PID: 90026)
2025-08-21 19:52:16,982 - INFO -   ✅ API: Respondiendo (BTCUSDT: BUY)
2025-08-21 19:52:17,050 - INFO -   ✅ Espacio en disco: 36GB libres
2025-08-21 19:53:17,055 - INFO - 🏥 Health Check:
2025-08-21 19:53:17,061 - INFO -   ✅ signal_generator: Activo (PID: 90026)
2025-08-21 19:53:19,967 - INFO -   ✅ API: Respondiendo (BTCUSDT: BUY)
2025-08-21 19:53:19,980 - INFO -   ✅ Espacio en disco: 38GB libres
2025-08-21 19:54:19,994 - INFO - 🏥 Health Check:
2025-08-21 19:54:20,007 - INFO -   ✅ signal_generator: Activo (PID: 90026)
2025-08-21 19:54:25,231 - WARNING -   ⚠️ API: No responde
2025-08-21 19:54:25,287 - INFO -   ✅ Espacio en disco: 36GB libres
2025-08-21 19:55:25,362 - INFO - 🏥 Health Check:
2025-08-21 19:55:25,486 - INFO -   ✅ signal_generator: Activo (PID: 90026)
2025-08-21 19:55:26,317 - WARNING -   ⚠️ API: No responde
2025-08-21 19:55:26,338 - INFO -   ✅ Espacio en disco: 37GB libres
2025-08-21 19:56:26,359 - INFO - 🏥 Health Check:
2025-08-21 19:56:26,377 - INFO -   ✅ signal_generator: Activo (PID: 90026)
2025-08-21 19:56:26,453 - WARNING -   ⚠️ API: No responde
2025-08-21 19:56:26,456 - INFO -   ✅ Espacio en disco: 37GB libres
2025-08-21 19:57:26,517 - INFO - 🏥 Health Check:
2025-08-21 19:57:26,608 - INFO -   ✅ signal_generator: Activo (PID: 90026)
2025-08-21 19:57:26,933 - WARNING -   ⚠️ API: No responde
2025-08-21 19:57:26,935 - INFO -   ✅ Espacio en disco: 39GB libres
2025-08-21 19:58:26,976 - INFO - 🏥 Health Check:
2025-08-21 19:58:27,027 - INFO -   ✅ signal_generator: Activo (PID: 90026)
2025-08-21 19:58:27,151 - WARNING -   ⚠️ API: No responde
2025-08-21 19:58:27,154 - INFO -   ✅ Espacio en disco: 38GB libres
2025-08-21 19:59:27,203 - INFO - 🏥 Health Check:
2025-08-21 19:59:27,220 - INFO -   ✅ signal_generator: Activo (PID: 90026)
2025-08-21 19:59:27,807 - WARNING -   ⚠️ API: No responde
2025-08-21 19:59:27,842 - INFO -   ✅ Espacio en disco: 37GB libres
2025-08-21 20:00:27,859 - INFO - 🏥 Health Check:
2025-08-21 20:00:27,872 - INFO -   ✅ signal_generator: Activo (PID: 90026)
2025-08-21 20:00:28,057 - WARNING -   ⚠️ API: No responde
2025-08-21 20:00:28,065 - INFO -   ✅ Espacio en disco: 37GB libres
2025-08-21 20:01:28,079 - INFO - 🏥 Health Check:
2025-08-21 20:01:28,111 - INFO -   ✅ signal_generator: Activo (PID: 90026)
2025-08-21 20:01:28,291 - WARNING -   ⚠️ API: No responde
2025-08-21 20:01:28,305 - INFO -   ✅ Espacio en disco: 37GB libres
2025-08-21 20:02:28,324 - INFO - 🏥 Health Check:
2025-08-21 20:02:28,334 - INFO -   ✅ signal_generator: Activo (PID: 90026)
2025-08-21 20:02:28,415 - WARNING -   ⚠️ API: No responde
2025-08-21 20:02:28,426 - INFO -   ✅ Espacio en disco: 36GB libres
2025-08-21 20:03:28,461 - INFO - 🏥 Health Check:
2025-08-21 20:03:28,471 - INFO -   ✅ signal_generator: Activo (PID: 90026)
2025-08-21 20:03:28,625 - WARNING -   ⚠️ API: No responde
2025-08-21 20:03:28,628 - INFO -   ✅ Espacio en disco: 36GB libres
2025-08-21 20:04:28,733 - INFO - 🏥 Health Check:
2025-08-21 20:04:28,835 - INFO -   ✅ signal_generator: Activo (PID: 90026)
2025-08-21 20:04:29,315 - WARNING -   ⚠️ API: No responde
2025-08-21 20:04:29,338 - INFO -   ✅ Espacio en disco: 35GB libres
2025-08-21 20:05:29,366 - INFO - 🏥 Health Check:
2025-08-21 20:05:29,408 - INFO -   ✅ signal_generator: Activo (PID: 90026)
2025-08-21 20:05:29,504 - WARNING -   ⚠️ API: No responde
2025-08-21 20:05:29,505 - INFO -   ✅ Espacio en disco: 37GB libres
2025-08-21 20:06:29,528 - INFO - 🏥 Health Check:
2025-08-21 20:06:29,555 - INFO -   ✅ signal_generator: Activo (PID: 90026)
2025-08-21 20:06:29,665 - WARNING -   ⚠️ API: No responde
2025-08-21 20:06:29,667 - INFO -   ✅ Espacio en disco: 37GB libres
2025-08-21 20:07:29,691 - INFO - 🏥 Health Check:
2025-08-21 20:07:29,708 - INFO -   ✅ signal_generator: Activo (PID: 90026)
2025-08-21 20:07:30,002 - WARNING -   ⚠️ API: No responde
2025-08-21 20:07:30,029 - INFO -   ✅ Espacio en disco: 36GB libres
2025-08-21 20:08:30,053 - INFO - 🏥 Health Check:
2025-08-21 20:08:30,072 - INFO -   ✅ signal_generator: Activo (PID: 90026)
2025-08-21 20:08:30,262 - WARNING -   ⚠️ API: No responde
2025-08-21 20:08:30,284 - INFO -   ✅ Espacio en disco: 36GB libres
2025-08-21 20:09:30,356 - INFO - 🏥 Health Check:
2025-08-21 20:09:30,373 - INFO -   ✅ signal_generator: Activo (PID: 90026)
2025-08-21 20:09:30,522 - WARNING -   ⚠️ API: No responde
2025-08-21 20:09:30,526 - INFO -   ✅ Espacio en disco: 37GB libres
2025-08-21 20:10:30,603 - INFO - 🏥 Health Check:
2025-08-21 20:10:30,640 - INFO -   ✅ signal_generator: Activo (PID: 90026)
2025-08-21 20:10:31,252 - WARNING -   ⚠️ API: No responde
2025-08-21 20:10:31,255 - INFO -   ✅ Espacio en disco: 37GB libres
2025-08-21 20:11:31,271 - INFO - 🏥 Health Check:
2025-08-21 20:11:31,285 - INFO -   ✅ signal_generator: Activo (PID: 90026)
2025-08-21 20:11:31,609 - WARNING -   ⚠️ API: No responde
2025-08-21 20:11:31,636 - INFO -   ✅ Espacio en disco: 38GB libres
2025-08-21 20:12:31,670 - INFO - 🏥 Health Check:
2025-08-21 20:12:31,722 - INFO -   ✅ signal_generator: Activo (PID: 90026)
2025-08-21 20:12:31,856 - WARNING -   ⚠️ API: No responde
2025-08-21 20:12:31,892 - INFO -   ✅ Espacio en disco: 38GB libres
2025-08-21 20:13:31,905 - INFO - 🏥 Health Check:
2025-08-21 20:13:31,922 - INFO -   ✅ signal_generator: Activo (PID: 90026)
2025-08-21 20:13:32,037 - WARNING -   ⚠️ API: No responde
2025-08-21 20:13:32,048 - INFO -   ✅ Espacio en disco: 38GB libres
2025-08-21 20:14:32,088 - INFO - 🏥 Health Check:
2025-08-21 20:14:32,114 - INFO -   ✅ signal_generator: Activo (PID: 90026)
2025-08-21 20:14:32,270 - WARNING -   ⚠️ API: No responde
2025-08-21 20:14:32,282 - INFO -   ✅ Espacio en disco: 37GB libres
2025-08-21 20:15:32,309 - INFO - 🏥 Health Check:
2025-08-21 20:15:32,399 - INFO -   ✅ signal_generator: Activo (PID: 90026)
2025-08-21 20:15:32,459 - WARNING -   ⚠️ API: No responde
2025-08-21 20:15:32,461 - INFO -   ✅ Espacio en disco: 37GB libres
2025-08-21 20:16:32,464 - INFO - 🏥 Health Check:
2025-08-21 20:16:32,467 - INFO -   ✅ signal_generator: Activo (PID: 90026)
2025-08-21 20:16:32,550 - WARNING -   ⚠️ API: No responde
2025-08-21 20:16:32,551 - INFO -   ✅ Espacio en disco: 37GB libres
2025-08-21 20:17:32,578 - INFO - 🏥 Health Check:
2025-08-21 20:17:32,588 - INFO -   ✅ signal_generator: Activo (PID: 90026)
2025-08-21 20:17:32,717 - WARNING -   ⚠️ API: No responde
2025-08-21 20:17:32,722 - INFO -   ✅ Espacio en disco: 36GB libres
2025-08-21 20:18:32,759 - INFO - 🏥 Health Check:
2025-08-21 20:18:32,773 - INFO -   ✅ signal_generator: Activo (PID: 90026)
2025-08-21 20:18:32,846 - WARNING -   ⚠️ API: No responde
2025-08-21 20:18:32,856 - INFO -   ✅ Espacio en disco: 37GB libres
2025-08-21 20:19:32,899 - INFO - 🏥 Health Check:
2025-08-21 20:19:32,945 - INFO -   ✅ signal_generator: Activo (PID: 90026)
2025-08-21 20:19:33,271 - WARNING -   ⚠️ API: No responde
2025-08-21 20:19:33,284 - INFO -   ✅ Espacio en disco: 37GB libres
2025-08-21 20:20:33,312 - INFO - 🏥 Health Check:
2025-08-21 20:20:33,322 - INFO -   ✅ signal_generator: Activo (PID: 90026)
2025-08-21 20:20:33,415 - WARNING -   ⚠️ API: No responde
2025-08-21 20:20:33,418 - INFO -   ✅ Espacio en disco: 38GB libres
2025-08-21 20:21:33,623 - INFO - 🏥 Health Check:
2025-08-21 20:21:33,727 - INFO -   ✅ signal_generator: Activo (PID: 90026)
2025-08-21 20:21:34,141 - WARNING -   ⚠️ API: No responde
2025-08-21 20:21:34,153 - INFO -   ✅ Espacio en disco: 37GB libres
2025-08-21 20:22:34,163 - INFO - 🏥 Health Check:
2025-08-21 20:22:34,167 - INFO -   ✅ signal_generator: Activo (PID: 90026)
2025-08-21 20:22:34,203 - WARNING -   ⚠️ API: No responde
2025-08-21 20:22:34,204 - INFO -   ✅ Espacio en disco: 37GB libres
2025-08-21 20:23:34,210 - INFO - 🏥 Health Check:
2025-08-21 20:23:34,217 - INFO -   ✅ signal_generator: Activo (PID: 90026)
2025-08-21 20:23:34,259 - WARNING -   ⚠️ API: No responde
2025-08-21 20:23:34,261 - INFO -   ✅ Espacio en disco: 38GB libres
2025-08-21 20:24:34,315 - INFO - 🏥 Health Check:
2025-08-21 20:24:34,399 - INFO -   ✅ signal_generator: Activo (PID: 90026)
2025-08-21 20:24:34,624 - WARNING -   ⚠️ API: No responde
2025-08-21 20:24:34,668 - INFO -   ✅ Espacio en disco: 37GB libres
2025-08-21 20:25:34,730 - INFO - 🏥 Health Check:
2025-08-21 20:25:34,756 - INFO -   ✅ signal_generator: Activo (PID: 90026)
2025-08-21 20:25:34,905 - WARNING -   ⚠️ API: No responde
2025-08-21 20:25:34,942 - INFO -   ✅ Espacio en disco: 36GB libres
2025-08-21 20:26:34,968 - INFO - 🏥 Health Check:
2025-08-21 20:26:35,008 - INFO -   ✅ signal_generator: Activo (PID: 90026)
2025-08-21 20:26:35,220 - WARNING -   ⚠️ API: No responde
2025-08-21 20:26:35,241 - INFO -   ✅ Espacio en disco: 36GB libres
2025-08-21 20:27:35,331 - INFO - 🏥 Health Check:
2025-08-21 20:27:35,341 - INFO -   ✅ signal_generator: Activo (PID: 90026)
2025-08-21 20:27:35,583 - WARNING -   ⚠️ API: No responde
2025-08-21 20:27:35,591 - INFO -   ✅ Espacio en disco: 37GB libres
2025-08-21 20:28:35,632 - INFO - 🏥 Health Check:
2025-08-21 20:28:35,637 - INFO -   ✅ signal_generator: Activo (PID: 90026)
2025-08-21 20:28:35,729 - WARNING -   ⚠️ API: No responde
2025-08-21 20:28:35,739 - INFO -   ✅ Espacio en disco: 38GB libres
2025-08-21 20:29:35,927 - INFO - 🏥 Health Check:
2025-08-21 20:29:35,992 - INFO -   ✅ signal_generator: Activo (PID: 90026)
2025-08-21 20:29:36,158 - WARNING -   ⚠️ API: No responde
2025-08-21 20:29:36,159 - INFO -   ✅ Espacio en disco: 37GB libres
2025-08-21 20:30:36,231 - INFO - 🏥 Health Check:
2025-08-21 20:30:36,287 - INFO -   ✅ signal_generator: Activo (PID: 90026)
2025-08-21 20:30:36,767 - WARNING -   ⚠️ API: No responde
2025-08-21 20:30:36,834 - INFO -   ✅ Espacio en disco: 36GB libres
2025-08-21 20:31:36,895 - INFO - 🏥 Health Check:
2025-08-21 20:31:36,913 - INFO -   ✅ signal_generator: Activo (PID: 90026)
2025-08-21 20:31:37,063 - WARNING -   ⚠️ API: No responde
2025-08-21 20:31:37,082 - INFO -   ✅ Espacio en disco: 36GB libres
2025-08-21 20:32:37,096 - INFO - 🏥 Health Check:
2025-08-21 20:32:37,105 - INFO -   ✅ signal_generator: Activo (PID: 90026)
2025-08-21 20:32:37,183 - WARNING -   ⚠️ API: No responde
2025-08-21 20:32:37,203 - INFO -   ✅ Espacio en disco: 37GB libres
2025-08-21 20:33:37,226 - INFO - 🏥 Health Check:
2025-08-21 20:33:37,242 - INFO -   ✅ signal_generator: Activo (PID: 90026)
2025-08-21 20:33:37,531 - WARNING -   ⚠️ API: No responde
2025-08-21 20:33:37,532 - INFO -   ✅ Espacio en disco: 38GB libres
2025-08-21 20:34:37,553 - INFO - 🏥 Health Check:
2025-08-21 20:34:37,560 - INFO -   ✅ signal_generator: Activo (PID: 90026)
2025-08-21 20:34:37,612 - WARNING -   ⚠️ API: No responde
2025-08-21 20:34:37,617 - INFO -   ✅ Espacio en disco: 38GB libres
2025-08-21 20:35:37,622 - INFO - 🏥 Health Check:
2025-08-21 20:35:37,625 - INFO -   ✅ signal_generator: Activo (PID: 90026)
2025-08-21 20:35:37,686 - WARNING -   ⚠️ API: No responde
2025-08-21 20:35:37,687 - INFO -   ✅ Espacio en disco: 38GB libres
2025-08-21 20:36:37,689 - INFO - 🏥 Health Check:
2025-08-21 20:36:37,692 - INFO -   ✅ signal_generator: Activo (PID: 90026)
2025-08-21 20:36:37,770 - WARNING -   ⚠️ API: No responde
2025-08-21 20:36:37,771 - INFO -   ✅ Espacio en disco: 37GB libres
2025-08-21 20:37:37,800 - INFO - 🏥 Health Check:
2025-08-21 20:37:37,807 - INFO -   ✅ signal_generator: Activo (PID: 90026)
2025-08-21 20:37:37,895 - WARNING -   ⚠️ API: No responde
2025-08-21 20:37:37,904 - INFO -   ✅ Espacio en disco: 37GB libres
2025-08-21 20:38:37,933 - INFO - 🏥 Health Check:
2025-08-21 20:38:37,949 - INFO -   ✅ signal_generator: Activo (PID: 90026)
2025-08-21 20:38:38,006 - WARNING -   ⚠️ API: No responde
2025-08-21 20:38:38,007 - INFO -   ✅ Espacio en disco: 38GB libres
2025-08-21 20:38:38,148 - INFO - 🧹 Ejecutando mantenimiento de base de datos...
2025-08-21 20:39:38,063 - INFO - 🏥 Health Check:
2025-08-21 20:39:38,071 - INFO -   ✅ signal_generator: Activo (PID: 90026)
2025-08-21 20:39:38,416 - WARNING -   ⚠️ API: No responde
2025-08-21 20:39:38,419 - INFO -   ✅ Espacio en disco: 38GB libres
2025-08-21 20:40:38,427 - INFO - 🏥 Health Check:
2025-08-21 20:40:38,430 - INFO -   ✅ signal_generator: Activo (PID: 90026)
2025-08-21 20:40:38,465 - WARNING -   ⚠️ API: No responde
2025-08-21 20:40:38,465 - INFO -   ✅ Espacio en disco: 38GB libres
2025-08-21 20:41:38,510 - INFO - 🏥 Health Check:
2025-08-21 20:41:38,532 - INFO -   ✅ signal_generator: Activo (PID: 90026)
2025-08-21 20:41:38,581 - WARNING -   ⚠️ API: No responde
2025-08-21 20:41:38,583 - INFO -   ✅ Espacio en disco: 38GB libres
2025-08-21 20:42:38,612 - INFO - 🏥 Health Check:
2025-08-21 20:42:38,622 - INFO -   ✅ signal_generator: Activo (PID: 90026)
2025-08-21 20:42:38,843 - WARNING -   ⚠️ API: No responde
2025-08-21 20:42:38,845 - INFO -   ✅ Espacio en disco: 38GB libres
2025-08-21 20:43:38,890 - INFO - 🏥 Health Check:
2025-08-21 20:43:38,958 - INFO -   ✅ signal_generator: Activo (PID: 90026)
2025-08-21 20:43:39,495 - WARNING -   ⚠️ API: No responde
2025-08-21 20:43:39,505 - INFO -   ✅ Espacio en disco: 38GB libres
2025-08-21 20:44:39,515 - INFO - 🏥 Health Check:
2025-08-21 20:44:39,523 - INFO -   ✅ signal_generator: Activo (PID: 90026)
2025-08-21 20:44:39,645 - WARNING -   ⚠️ API: No responde
2025-08-21 20:44:39,648 - INFO -   ✅ Espacio en disco: 37GB libres
2025-08-21 20:45:39,653 - INFO - 🏥 Health Check:
2025-08-21 20:45:39,664 - INFO -   ✅ signal_generator: Activo (PID: 90026)
2025-08-21 20:45:39,811 - WARNING -   ⚠️ API: No responde
2025-08-21 20:45:39,816 - INFO -   ✅ Espacio en disco: 37GB libres
2025-08-21 20:46:40,110 - INFO - 🏥 Health Check:
2025-08-21 20:46:40,536 - INFO -   ✅ signal_generator: Activo (PID: 90026)
2025-08-21 20:46:42,623 - WARNING -   ⚠️ API: No responde
2025-08-21 20:46:42,680 - INFO -   ✅ Espacio en disco: 35GB libres
2025-08-21 20:47:42,732 - INFO - 🏥 Health Check:
2025-08-21 20:47:42,736 - INFO -   ✅ signal_generator: Activo (PID: 90026)
2025-08-21 20:47:42,936 - WARNING -   ⚠️ API: No responde
2025-08-21 20:47:42,964 - INFO -   ✅ Espacio en disco: 38GB libres
2025-08-21 20:48:43,070 - INFO - 🏥 Health Check:
2025-08-21 20:48:43,158 - INFO -   ✅ signal_generator: Activo (PID: 90026)
2025-08-21 20:48:44,220 - WARNING -   ⚠️ API: No responde
2025-08-21 20:48:44,269 - INFO -   ✅ Espacio en disco: 37GB libres
2025-08-21 20:49:44,398 - INFO - 🏥 Health Check:
2025-08-21 20:49:44,811 - INFO -   ✅ signal_generator: Activo (PID: 90026)
2025-08-21 20:49:45,361 - WARNING -   ⚠️ API: No responde
2025-08-21 20:49:45,417 - INFO -   ✅ Espacio en disco: 38GB libres
2025-08-21 20:50:45,446 - INFO - 🏥 Health Check:
2025-08-21 20:50:45,452 - INFO -   ✅ signal_generator: Activo (PID: 90026)
2025-08-21 20:50:45,807 - WARNING -   ⚠️ API: No responde
2025-08-21 20:50:45,808 - INFO -   ✅ Espacio en disco: 38GB libres
2025-08-21 20:51:45,906 - INFO - 🏥 Health Check:
2025-08-21 20:51:46,109 - INFO -   ✅ signal_generator: Activo (PID: 90026)
2025-08-21 20:51:46,777 - WARNING -   ⚠️ API: No responde
2025-08-21 20:51:46,867 - INFO -   ✅ Espacio en disco: 37GB libres
2025-08-21 20:52:46,884 - INFO - 🏥 Health Check:
2025-08-21 20:52:46,889 - INFO -   ✅ signal_generator: Activo (PID: 90026)
2025-08-21 20:52:47,168 - WARNING -   ⚠️ API: No responde
2025-08-21 20:52:47,171 - INFO -   ✅ Espacio en disco: 37GB libres
2025-08-21 20:53:47,388 - INFO - 🏥 Health Check:
2025-08-21 20:53:47,430 - INFO -   ✅ signal_generator: Activo (PID: 90026)
2025-08-21 20:53:48,359 - WARNING -   ⚠️ API: No responde
2025-08-21 20:53:48,368 - INFO -   ✅ Espacio en disco: 37GB libres
2025-08-21 20:54:48,459 - INFO - 🏥 Health Check:
2025-08-21 20:54:48,566 - INFO -   ✅ signal_generator: Activo (PID: 90026)
2025-08-21 20:54:48,916 - WARNING -   ⚠️ API: No responde
2025-08-21 20:54:48,926 - INFO -   ✅ Espacio en disco: 37GB libres
2025-08-21 20:55:49,024 - INFO - 🏥 Health Check:
2025-08-21 20:55:49,085 - INFO -   ✅ signal_generator: Activo (PID: 90026)
2025-08-21 20:55:49,403 - WARNING -   ⚠️ API: No responde
2025-08-21 20:55:49,408 - INFO -   ✅ Espacio en disco: 37GB libres
2025-08-21 20:56:49,523 - INFO - 🏥 Health Check:
2025-08-21 20:56:49,564 - INFO -   ✅ signal_generator: Activo (PID: 90026)
2025-08-21 20:56:49,998 - WARNING -   ⚠️ API: No responde
2025-08-21 20:56:50,036 - INFO -   ✅ Espacio en disco: 37GB libres
2025-08-21 20:57:50,098 - INFO - 🏥 Health Check:
2025-08-21 20:57:50,116 - INFO -   ✅ signal_generator: Activo (PID: 90026)
2025-08-21 20:57:50,426 - WARNING -   ⚠️ API: No responde
2025-08-21 20:57:50,442 - INFO -   ✅ Espacio en disco: 37GB libres
2025-08-21 20:58:50,467 - INFO - 🏥 Health Check:
2025-08-21 20:58:50,474 - INFO -   ✅ signal_generator: Activo (PID: 90026)
2025-08-21 20:58:50,544 - WARNING -   ⚠️ API: No responde
2025-08-21 20:58:50,546 - INFO -   ✅ Espacio en disco: 36GB libres
2025-08-21 20:59:50,586 - INFO - 🏥 Health Check:
2025-08-21 20:59:50,625 - INFO -   ✅ signal_generator: Activo (PID: 90026)
2025-08-21 20:59:50,776 - WARNING -   ⚠️ API: No responde
2025-08-21 20:59:50,778 - INFO -   ✅ Espacio en disco: 36GB libres
2025-08-21 21:00:50,787 - INFO - 🏥 Health Check:
2025-08-21 21:00:50,795 - INFO -   ✅ signal_generator: Activo (PID: 90026)
2025-08-21 21:00:50,907 - WARNING -   ⚠️ API: No responde
2025-08-21 21:00:50,912 - INFO -   ✅ Espacio en disco: 36GB libres
2025-08-21 21:01:50,927 - INFO - 🏥 Health Check:
2025-08-21 21:01:50,942 - INFO -   ✅ signal_generator: Activo (PID: 90026)
2025-08-21 21:01:51,001 - WARNING -   ⚠️ API: No responde
2025-08-21 21:01:51,003 - INFO -   ✅ Espacio en disco: 39GB libres
2025-08-21 21:02:51,043 - INFO - 🏥 Health Check:
2025-08-21 21:02:51,051 - INFO -   ✅ signal_generator: Activo (PID: 90026)
2025-08-21 21:02:51,111 - WARNING -   ⚠️ API: No responde
2025-08-21 21:02:51,117 - INFO -   ✅ Espacio en disco: 38GB libres
2025-08-21 21:03:51,120 - INFO - 🏥 Health Check:
2025-08-21 21:03:51,123 - INFO -   ✅ signal_generator: Activo (PID: 90026)
2025-08-21 21:03:51,146 - WARNING -   ⚠️ API: No responde
2025-08-21 21:03:51,147 - INFO -   ✅ Espacio en disco: 38GB libres
2025-08-21 21:04:51,149 - INFO - 🏥 Health Check:
2025-08-21 21:04:51,151 - INFO -   ✅ signal_generator: Activo (PID: 90026)
2025-08-21 21:04:51,167 - WARNING -   ⚠️ API: No responde
2025-08-21 21:04:51,167 - INFO -   ✅ Espacio en disco: 38GB libres
2025-08-21 21:05:51,206 - INFO - 🏥 Health Check:
2025-08-21 21:05:51,216 - INFO -   ✅ signal_generator: Activo (PID: 90026)
2025-08-21 21:05:51,262 - WARNING -   ⚠️ API: No responde
2025-08-21 21:05:51,263 - INFO -   ✅ Espacio en disco: 38GB libres
2025-08-21 21:06:51,353 - INFO - 🏥 Health Check:
2025-08-21 21:06:51,358 - INFO -   ✅ signal_generator: Activo (PID: 90026)
2025-08-21 21:06:51,436 - WARNING -   ⚠️ API: No responde
2025-08-21 21:06:51,438 - INFO -   ✅ Espacio en disco: 38GB libres
2025-08-21 21:07:51,457 - INFO - 🏥 Health Check:
2025-08-21 21:07:51,462 - INFO -   ✅ signal_generator: Activo (PID: 90026)
2025-08-21 21:07:51,478 - WARNING -   ⚠️ API: No responde
2025-08-21 21:07:51,479 - INFO -   ✅ Espacio en disco: 38GB libres
2025-08-21 21:08:51,499 - INFO - 🏥 Health Check:
2025-08-21 21:08:51,508 - INFO -   ✅ signal_generator: Activo (PID: 90026)
2025-08-21 21:08:51,524 - WARNING -   ⚠️ API: No responde
2025-08-21 21:08:51,524 - INFO -   ✅ Espacio en disco: 38GB libres
2025-08-21 21:09:51,527 - INFO - 🏥 Health Check:
2025-08-21 21:09:51,529 - INFO -   ✅ signal_generator: Activo (PID: 90026)
2025-08-21 21:09:51,548 - WARNING -   ⚠️ API: No responde
2025-08-21 21:09:51,548 - INFO -   ✅ Espacio en disco: 38GB libres
2025-08-21 21:10:51,552 - INFO - 🏥 Health Check:
2025-08-21 21:10:51,555 - INFO -   ✅ signal_generator: Activo (PID: 90026)
2025-08-21 21:10:51,605 - WARNING -   ⚠️ API: No responde
2025-08-21 21:10:51,605 - INFO -   ✅ Espacio en disco: 38GB libres
2025-08-21 21:11:51,713 - INFO - 🏥 Health Check:
2025-08-21 21:11:51,739 - INFO -   ✅ signal_generator: Activo (PID: 90026)
2025-08-21 21:11:51,850 - WARNING -   ⚠️ API: No responde
2025-08-21 21:11:51,854 - INFO -   ✅ Espacio en disco: 38GB libres
2025-08-21 21:12:51,857 - INFO - 🏥 Health Check:
2025-08-21 21:12:51,860 - INFO -   ✅ signal_generator: Activo (PID: 90026)
2025-08-21 21:12:51,913 - WARNING -   ⚠️ API: No responde
2025-08-21 21:12:51,913 - INFO -   ✅ Espacio en disco: 38GB libres
2025-08-21 21:13:51,937 - INFO - 🏥 Health Check:
2025-08-21 21:13:51,953 - INFO -   ✅ signal_generator: Activo (PID: 90026)
2025-08-21 21:13:52,043 - WARNING -   ⚠️ API: No responde
2025-08-21 21:13:52,046 - INFO -   ✅ Espacio en disco: 38GB libres
2025-08-21 21:14:52,094 - INFO - 🏥 Health Check:
2025-08-21 21:14:52,101 - INFO -   ✅ signal_generator: Activo (PID: 90026)
2025-08-21 21:14:52,277 - WARNING -   ⚠️ API: No responde
2025-08-21 21:14:52,278 - INFO -   ✅ Espacio en disco: 38GB libres
2025-08-21 21:15:52,310 - INFO - 🏥 Health Check:
2025-08-21 21:15:52,355 - INFO -   ✅ signal_generator: Activo (PID: 90026)
2025-08-21 21:15:52,489 - WARNING -   ⚠️ API: No responde
2025-08-21 21:15:52,494 - INFO -   ✅ Espacio en disco: 37GB libres
2025-08-21 21:16:52,504 - INFO - 🏥 Health Check:
2025-08-21 21:16:52,509 - INFO -   ✅ signal_generator: Activo (PID: 90026)
2025-08-21 21:16:52,558 - WARNING -   ⚠️ API: No responde
2025-08-21 21:16:52,561 - INFO -   ✅ Espacio en disco: 37GB libres
2025-08-21 21:17:52,591 - INFO - 🏥 Health Check:
2025-08-21 21:17:52,623 - INFO -   ✅ signal_generator: Activo (PID: 90026)
2025-08-21 21:17:52,687 - WARNING -   ⚠️ API: No responde
2025-08-21 21:17:52,689 - INFO -   ✅ Espacio en disco: 35GB libres
2025-08-21 21:18:52,695 - INFO - 🏥 Health Check:
2025-08-21 21:18:52,700 - INFO -   ✅ signal_generator: Activo (PID: 90026)
2025-08-21 21:18:52,735 - WARNING -   ⚠️ API: No responde
2025-08-21 21:18:52,736 - INFO -   ✅ Espacio en disco: 37GB libres
2025-08-21 21:19:52,749 - INFO - 🏥 Health Check:
2025-08-21 21:19:52,756 - INFO -   ✅ signal_generator: Activo (PID: 90026)
2025-08-21 21:19:52,848 - WARNING -   ⚠️ API: No responde
2025-08-21 21:19:52,854 - INFO -   ✅ Espacio en disco: 37GB libres
2025-08-21 21:20:52,858 - INFO - 🏥 Health Check:
2025-08-21 21:20:52,860 - INFO -   ✅ signal_generator: Activo (PID: 90026)
2025-08-21 21:20:52,892 - WARNING -   ⚠️ API: No responde
2025-08-21 21:20:52,892 - INFO -   ✅ Espacio en disco: 37GB libres
2025-08-21 21:21:52,897 - INFO - 🏥 Health Check:
2025-08-21 21:21:52,899 - INFO -   ✅ signal_generator: Activo (PID: 90026)
2025-08-21 21:21:53,037 - WARNING -   ⚠️ API: No responde
2025-08-21 21:21:53,038 - INFO -   ✅ Espacio en disco: 37GB libres
2025-08-21 21:22:53,047 - INFO - 🏥 Health Check:
2025-08-21 21:22:53,049 - INFO -   ✅ signal_generator: Activo (PID: 90026)
2025-08-21 21:22:53,080 - WARNING -   ⚠️ API: No responde
2025-08-21 21:22:53,081 - INFO -   ✅ Espacio en disco: 36GB libres
2025-08-21 21:23:53,122 - INFO - 🏥 Health Check:
2025-08-21 21:23:53,183 - INFO -   ✅ signal_generator: Activo (PID: 90026)
2025-08-21 21:23:53,267 - WARNING -   ⚠️ API: No responde
2025-08-21 21:23:53,270 - INFO -   ✅ Espacio en disco: 38GB libres
2025-08-21 21:24:53,289 - INFO - 🏥 Health Check:
2025-08-21 21:24:53,299 - INFO -   ✅ signal_generator: Activo (PID: 90026)
2025-08-21 21:24:53,371 - WARNING -   ⚠️ API: No responde
2025-08-21 21:24:53,378 - INFO -   ✅ Espacio en disco: 38GB libres
2025-08-21 21:25:53,383 - INFO - 🏥 Health Check:
2025-08-21 21:25:53,387 - INFO -   ✅ signal_generator: Activo (PID: 90026)
2025-08-21 21:25:53,422 - WARNING -   ⚠️ API: No responde
2025-08-21 21:25:53,422 - INFO -   ✅ Espacio en disco: 37GB libres
2025-08-21 21:26:53,438 - INFO - 🏥 Health Check:
2025-08-21 21:26:53,442 - INFO -   ✅ signal_generator: Activo (PID: 90026)
2025-08-21 21:26:53,522 - WARNING -   ⚠️ API: No responde
2025-08-21 21:26:53,523 - INFO -   ✅ Espacio en disco: 37GB libres
2025-08-21 21:27:53,532 - INFO - 🏥 Health Check:
2025-08-21 21:27:53,544 - INFO -   ✅ signal_generator: Activo (PID: 90026)
2025-08-21 21:27:53,632 - WARNING -   ⚠️ API: No responde
2025-08-21 21:27:53,635 - INFO -   ✅ Espacio en disco: 36GB libres
2025-08-21 21:28:53,652 - INFO - 🏥 Health Check:
2025-08-21 21:28:53,655 - INFO -   ✅ signal_generator: Activo (PID: 90026)
2025-08-21 21:28:53,708 - WARNING -   ⚠️ API: No responde
2025-08-21 21:28:53,712 - INFO -   ✅ Espacio en disco: 36GB libres
2025-08-21 21:29:53,739 - INFO - 🏥 Health Check:
2025-08-21 21:29:53,765 - INFO -   ✅ signal_generator: Activo (PID: 90026)
2025-08-21 21:29:53,829 - WARNING -   ⚠️ API: No responde
2025-08-21 21:29:53,830 - INFO -   ✅ Espacio en disco: 36GB libres
2025-08-21 21:30:53,856 - INFO - 🏥 Health Check:
2025-08-21 21:30:53,867 - INFO -   ✅ signal_generator: Activo (PID: 90026)
2025-08-21 21:30:53,915 - WARNING -   ⚠️ API: No responde
2025-08-21 21:30:53,916 - INFO -   ✅ Espacio en disco: 38GB libres
2025-08-21 21:31:53,928 - INFO - 🏥 Health Check:
2025-08-21 21:31:53,936 - INFO -   ✅ signal_generator: Activo (PID: 90026)
2025-08-21 21:31:54,016 - WARNING -   ⚠️ API: No responde
2025-08-21 21:31:54,018 - INFO -   ✅ Espacio en disco: 37GB libres
2025-08-21 21:32:54,021 - INFO - 🏥 Health Check:
2025-08-21 21:32:54,023 - INFO -   ✅ signal_generator: Activo (PID: 90026)
2025-08-21 21:32:54,040 - WARNING -   ⚠️ API: No responde
2025-08-21 21:32:54,041 - INFO -   ✅ Espacio en disco: 37GB libres
2025-08-21 21:33:54,044 - INFO - 🏥 Health Check:
2025-08-21 21:33:54,046 - INFO -   ✅ signal_generator: Activo (PID: 90026)
2025-08-21 21:33:54,071 - WARNING -   ⚠️ API: No responde
2025-08-21 21:33:54,071 - INFO -   ✅ Espacio en disco: 37GB libres
2025-08-21 21:34:54,075 - INFO - 🏥 Health Check:
2025-08-21 21:34:54,077 - INFO -   ✅ signal_generator: Activo (PID: 90026)
2025-08-21 21:34:54,100 - WARNING -   ⚠️ API: No responde
2025-08-21 21:34:54,101 - INFO -   ✅ Espacio en disco: 37GB libres
2025-08-21 21:35:54,126 - INFO - 🏥 Health Check:
2025-08-21 21:35:54,138 - INFO -   ✅ signal_generator: Activo (PID: 90026)
2025-08-21 21:35:54,165 - WARNING -   ⚠️ API: No responde
2025-08-21 21:35:54,165 - INFO -   ✅ Espacio en disco: 37GB libres
2025-08-21 21:36:54,178 - INFO - 🏥 Health Check:
2025-08-21 21:36:54,185 - INFO -   ✅ signal_generator: Activo (PID: 90026)
2025-08-21 21:36:54,216 - WARNING -   ⚠️ API: No responde
2025-08-21 21:36:54,234 - INFO -   ✅ Espacio en disco: 37GB libres
2025-08-21 21:37:54,268 - INFO - 🏥 Health Check:
2025-08-21 21:37:54,276 - INFO -   ✅ signal_generator: Activo (PID: 90026)
2025-08-21 21:37:54,339 - WARNING -   ⚠️ API: No responde
2025-08-21 21:37:54,340 - INFO -   ✅ Espacio en disco: 37GB libres
2025-08-21 21:38:39,090 - INFO - 🧹 Ejecutando mantenimiento de base de datos...
2025-08-21 21:38:54,343 - INFO - 🏥 Health Check:
2025-08-21 21:38:54,345 - INFO -   ✅ signal_generator: Activo (PID: 90026)
2025-08-21 21:38:54,375 - WARNING -   ⚠️ API: No responde
2025-08-21 21:38:54,376 - INFO -   ✅ Espacio en disco: 37GB libres
2025-08-21 21:39:54,379 - INFO - 🏥 Health Check:
2025-08-21 21:39:54,381 - INFO -   ✅ signal_generator: Activo (PID: 90026)
2025-08-21 21:39:54,400 - WARNING -   ⚠️ API: No responde
2025-08-21 21:39:54,401 - INFO -   ✅ Espacio en disco: 37GB libres
2025-08-21 21:40:54,405 - INFO - 🏥 Health Check:
2025-08-21 21:40:54,407 - INFO -   ✅ signal_generator: Activo (PID: 90026)
2025-08-21 21:40:54,474 - WARNING -   ⚠️ API: No responde
2025-08-21 21:40:54,480 - INFO -   ✅ Espacio en disco: 37GB libres
2025-08-21 21:41:54,494 - INFO - 🏥 Health Check:
2025-08-21 21:41:54,510 - INFO -   ✅ signal_generator: Activo (PID: 90026)
2025-08-21 21:41:54,543 - WARNING -   ⚠️ API: No responde
2025-08-21 21:41:54,549 - INFO -   ✅ Espacio en disco: 37GB libres
2025-08-21 21:42:54,557 - INFO - 🏥 Health Check:
2025-08-21 21:42:54,560 - INFO -   ✅ signal_generator: Activo (PID: 90026)
2025-08-21 21:42:54,620 - WARNING -   ⚠️ API: No responde
2025-08-21 21:42:54,622 - INFO -   ✅ Espacio en disco: 37GB libres
2025-08-21 21:43:54,638 - INFO - 🏥 Health Check:
2025-08-21 21:43:54,641 - INFO -   ✅ signal_generator: Activo (PID: 90026)
2025-08-21 21:43:54,805 - WARNING -   ⚠️ API: No responde
2025-08-21 21:43:54,807 - INFO -   ✅ Espacio en disco: 37GB libres
2025-08-21 21:44:54,809 - INFO - 🏥 Health Check:
2025-08-21 21:44:54,813 - INFO -   ✅ signal_generator: Activo (PID: 90026)
2025-08-21 21:44:54,832 - WARNING -   ⚠️ API: No responde
2025-08-21 21:44:54,832 - INFO -   ✅ Espacio en disco: 37GB libres
2025-08-21 21:45:54,848 - INFO - 🏥 Health Check:
2025-08-21 21:45:54,874 - INFO -   ✅ signal_generator: Activo (PID: 90026)
2025-08-21 21:45:54,957 - WARNING -   ⚠️ API: No responde
2025-08-21 21:45:54,959 - INFO -   ✅ Espacio en disco: 37GB libres
2025-08-21 21:46:54,966 - INFO - 🏥 Health Check:
2025-08-21 21:46:54,974 - INFO -   ✅ signal_generator: Activo (PID: 90026)
2025-08-21 21:46:55,019 - WARNING -   ⚠️ API: No responde
2025-08-21 21:46:55,021 - INFO -   ✅ Espacio en disco: 37GB libres
2025-08-21 21:47:55,025 - INFO - 🏥 Health Check:
2025-08-21 21:47:55,027 - INFO -   ✅ signal_generator: Activo (PID: 90026)
2025-08-21 21:47:55,050 - WARNING -   ⚠️ API: No responde
2025-08-21 21:47:55,050 - INFO -   ✅ Espacio en disco: 37GB libres
2025-08-21 21:48:55,054 - INFO - 🏥 Health Check:
2025-08-21 21:48:55,057 - INFO -   ✅ signal_generator: Activo (PID: 90026)
2025-08-21 21:48:55,071 - WARNING -   ⚠️ API: No responde
2025-08-21 21:48:55,071 - INFO -   ✅ Espacio en disco: 37GB libres
2025-08-21 21:49:55,093 - INFO - 🏥 Health Check:
2025-08-21 21:49:55,095 - INFO -   ✅ signal_generator: Activo (PID: 90026)
2025-08-21 21:49:55,160 - WARNING -   ⚠️ API: No responde
2025-08-21 21:49:55,161 - INFO -   ✅ Espacio en disco: 37GB libres
2025-08-21 21:50:55,169 - INFO - 🏥 Health Check:
2025-08-21 21:50:55,174 - INFO -   ✅ signal_generator: Activo (PID: 90026)
2025-08-21 21:50:55,277 - WARNING -   ⚠️ API: No responde
2025-08-21 21:50:55,284 - INFO -   ✅ Espacio en disco: 37GB libres
2025-08-21 21:51:55,294 - INFO - 🏥 Health Check:
2025-08-21 21:51:55,314 - INFO -   ✅ signal_generator: Activo (PID: 90026)
2025-08-21 21:51:55,406 - WARNING -   ⚠️ API: No responde
2025-08-21 21:51:55,409 - INFO -   ✅ Espacio en disco: 37GB libres
2025-08-21 21:52:55,441 - INFO - 🏥 Health Check:
2025-08-21 21:52:55,444 - INFO -   ✅ signal_generator: Activo (PID: 90026)
2025-08-21 21:52:55,510 - WARNING -   ⚠️ API: No responde
2025-08-21 21:52:55,521 - INFO -   ✅ Espacio en disco: 37GB libres
2025-08-21 21:53:55,543 - INFO - 🏥 Health Check:
2025-08-21 21:53:55,547 - INFO -   ✅ signal_generator: Activo (PID: 90026)
2025-08-21 21:53:55,602 - WARNING -   ⚠️ API: No responde
2025-08-21 21:53:55,603 - INFO -   ✅ Espacio en disco: 37GB libres
2025-08-21 21:54:55,633 - INFO - 🏥 Health Check:
2025-08-21 21:54:55,638 - INFO -   ✅ signal_generator: Activo (PID: 90026)
2025-08-21 21:54:55,701 - WARNING -   ⚠️ API: No responde
2025-08-21 21:54:55,705 - INFO -   ✅ Espacio en disco: 37GB libres
2025-08-21 21:55:55,711 - INFO - 🏥 Health Check:
2025-08-21 21:55:55,720 - INFO -   ✅ signal_generator: Activo (PID: 90026)
2025-08-21 21:55:55,813 - WARNING -   ⚠️ API: No responde
2025-08-21 21:55:55,815 - INFO -   ✅ Espacio en disco: 36GB libres
2025-08-21 21:56:55,819 - INFO - 🏥 Health Check:
2025-08-21 21:56:55,823 - INFO -   ✅ signal_generator: Activo (PID: 90026)
2025-08-21 21:56:55,896 - WARNING -   ⚠️ API: No responde
2025-08-21 21:56:55,904 - INFO -   ✅ Espacio en disco: 37GB libres
2025-08-21 21:57:55,936 - INFO - 🏥 Health Check:
2025-08-21 21:57:56,052 - INFO -   ✅ signal_generator: Activo (PID: 90026)
2025-08-21 21:57:56,567 - WARNING -   ⚠️ API: No responde
2025-08-21 21:57:56,613 - INFO -   ✅ Espacio en disco: 37GB libres
2025-08-21 21:58:56,629 - INFO - 🏥 Health Check:
2025-08-21 21:58:56,639 - INFO -   ✅ signal_generator: Activo (PID: 90026)
2025-08-21 21:58:56,771 - WARNING -   ⚠️ API: No responde
2025-08-21 21:58:56,778 - INFO -   ✅ Espacio en disco: 38GB libres
2025-08-21 21:59:56,796 - INFO - 🏥 Health Check:
2025-08-21 21:59:56,803 - INFO -   ✅ signal_generator: Activo (PID: 90026)
2025-08-21 21:59:56,934 - WARNING -   ⚠️ API: No responde
2025-08-21 21:59:56,943 - INFO -   ✅ Espacio en disco: 38GB libres
2025-08-21 22:00:57,032 - INFO - 🏥 Health Check:
2025-08-21 22:00:57,103 - INFO -   ✅ signal_generator: Activo (PID: 90026)
2025-08-21 22:00:57,312 - WARNING -   ⚠️ API: No responde
2025-08-21 22:00:57,318 - INFO -   ✅ Espacio en disco: 37GB libres
2025-08-21 22:01:57,445 - INFO - 🏥 Health Check:
2025-08-21 22:01:57,461 - INFO -   ✅ signal_generator: Activo (PID: 90026)
2025-08-21 22:01:57,902 - WARNING -   ⚠️ API: No responde
2025-08-21 22:01:57,925 - INFO -   ✅ Espacio en disco: 37GB libres
2025-08-21 22:02:57,943 - INFO - 🏥 Health Check:
2025-08-21 22:02:57,951 - INFO -   ✅ signal_generator: Activo (PID: 90026)
2025-08-21 22:02:58,156 - WARNING -   ⚠️ API: No responde
2025-08-21 22:02:58,167 - INFO -   ✅ Espacio en disco: 37GB libres
2025-08-21 22:03:58,210 - INFO - 🏥 Health Check:
2025-08-21 22:03:58,237 - INFO -   ✅ signal_generator: Activo (PID: 90026)
2025-08-21 22:03:58,414 - WARNING -   ⚠️ API: No responde
2025-08-21 22:03:58,424 - INFO -   ✅ Espacio en disco: 37GB libres
2025-08-21 22:04:58,529 - INFO - 🏥 Health Check:
2025-08-21 22:04:58,593 - INFO -   ✅ signal_generator: Activo (PID: 90026)
2025-08-21 22:04:58,967 - WARNING -   ⚠️ API: No responde
2025-08-21 22:04:58,992 - INFO -   ✅ Espacio en disco: 38GB libres
2025-08-21 22:05:59,017 - INFO - 🏥 Health Check:
2025-08-21 22:05:59,047 - INFO -   ✅ signal_generator: Activo (PID: 90026)
2025-08-21 22:05:59,390 - WARNING -   ⚠️ API: No responde
2025-08-21 22:05:59,398 - INFO -   ✅ Espacio en disco: 38GB libres
2025-08-21 22:06:59,430 - INFO - 🏥 Health Check:
2025-08-21 22:06:59,465 - INFO -   ✅ signal_generator: Activo (PID: 90026)
2025-08-21 22:06:59,593 - WARNING -   ⚠️ API: No responde
2025-08-21 22:06:59,595 - INFO -   ✅ Espacio en disco: 38GB libres
2025-08-21 22:07:59,602 - INFO - 🏥 Health Check:
2025-08-21 22:07:59,607 - INFO -   ✅ signal_generator: Activo (PID: 90026)
2025-08-21 22:07:59,645 - WARNING -   ⚠️ API: No responde
2025-08-21 22:07:59,647 - INFO -   ✅ Espacio en disco: 38GB libres
2025-08-21 22:08:59,665 - INFO - 🏥 Health Check:
2025-08-21 22:08:59,683 - INFO -   ✅ signal_generator: Activo (PID: 90026)
2025-08-21 22:08:59,701 - WARNING -   ⚠️ API: No responde
2025-08-21 22:08:59,702 - INFO -   ✅ Espacio en disco: 38GB libres
2025-08-21 22:09:59,712 - INFO - 🏥 Health Check:
2025-08-21 22:09:59,714 - INFO -   ✅ signal_generator: Activo (PID: 90026)
2025-08-21 22:09:59,737 - WARNING -   ⚠️ API: No responde
2025-08-21 22:09:59,739 - INFO -   ✅ Espacio en disco: 38GB libres
2025-08-21 22:10:59,758 - INFO - 🏥 Health Check:
2025-08-21 22:10:59,760 - INFO -   ✅ signal_generator: Activo (PID: 90026)
2025-08-21 22:10:59,808 - WARNING -   ⚠️ API: No responde
2025-08-21 22:10:59,809 - INFO -   ✅ Espacio en disco: 38GB libres
2025-08-21 22:11:59,907 - INFO - 🏥 Health Check:
2025-08-21 22:11:59,966 - INFO -   ✅ signal_generator: Activo (PID: 90026)
2025-08-21 22:12:01,050 - WARNING -   ⚠️ API: No responde
2025-08-21 22:12:01,128 - INFO -   ✅ Espacio en disco: 38GB libres
2025-08-21 22:13:01,134 - INFO - 🏥 Health Check:
2025-08-21 22:13:01,136 - INFO -   ✅ signal_generator: Activo (PID: 90026)
2025-08-21 22:13:01,178 - WARNING -   ⚠️ API: No responde
2025-08-21 22:13:01,180 - INFO -   ✅ Espacio en disco: 38GB libres
2025-08-21 22:14:01,250 - INFO - 🏥 Health Check:
2025-08-21 22:14:01,292 - INFO -   ✅ signal_generator: Activo (PID: 90026)
2025-08-21 22:14:01,576 - WARNING -   ⚠️ API: No responde
2025-08-21 22:14:01,586 - INFO -   ✅ Espacio en disco: 38GB libres
2025-08-21 22:15:01,623 - INFO - 🏥 Health Check:
2025-08-21 22:15:01,666 - INFO -   ✅ signal_generator: Activo (PID: 90026)
2025-08-21 22:15:01,847 - WARNING -   ⚠️ API: No responde
2025-08-21 22:15:01,850 - INFO -   ✅ Espacio en disco: 36GB libres
2025-08-21 22:16:01,860 - INFO - 🏥 Health Check:
2025-08-21 22:16:01,878 - INFO -   ✅ signal_generator: Activo (PID: 90026)
2025-08-21 22:16:01,976 - WARNING -   ⚠️ API: No responde
2025-08-21 22:16:01,977 - INFO -   ✅ Espacio en disco: 38GB libres
2025-08-21 22:17:01,980 - INFO - 🏥 Health Check:
2025-08-21 22:17:01,983 - INFO -   ✅ signal_generator: Activo (PID: 90026)
2025-08-21 22:17:02,008 - WARNING -   ⚠️ API: No responde
2025-08-21 22:17:02,010 - INFO -   ✅ Espacio en disco: 38GB libres
2025-08-21 22:18:02,050 - INFO - 🏥 Health Check:
2025-08-21 22:18:02,078 - INFO -   ✅ signal_generator: Activo (PID: 90026)
2025-08-21 22:18:02,217 - WARNING -   ⚠️ API: No responde
2025-08-21 22:18:02,224 - INFO -   ✅ Espacio en disco: 36GB libres
2025-08-21 22:19:02,242 - INFO - 🏥 Health Check:
2025-08-21 22:19:02,249 - INFO -   ✅ signal_generator: Activo (PID: 90026)
2025-08-21 22:19:02,314 - WARNING -   ⚠️ API: No responde
2025-08-21 22:19:02,315 - INFO -   ✅ Espacio en disco: 37GB libres
2025-08-21 22:20:02,321 - INFO - 🏥 Health Check:
2025-08-21 22:20:02,323 - INFO -   ✅ signal_generator: Activo (PID: 90026)
2025-08-21 22:20:02,357 - WARNING -   ⚠️ API: No responde
2025-08-21 22:20:02,357 - INFO -   ✅ Espacio en disco: 37GB libres
2025-08-21 22:21:02,360 - INFO - 🏥 Health Check:
2025-08-21 22:21:02,362 - INFO -   ✅ signal_generator: Activo (PID: 90026)
2025-08-21 22:21:02,379 - WARNING -   ⚠️ API: No responde
2025-08-21 22:21:02,379 - INFO -   ✅ Espacio en disco: 37GB libres
2025-08-21 22:22:02,388 - INFO - 🏥 Health Check:
2025-08-21 22:22:02,392 - INFO -   ✅ signal_generator: Activo (PID: 90026)
2025-08-21 22:22:02,464 - WARNING -   ⚠️ API: No responde
2025-08-21 22:22:02,469 - INFO -   ✅ Espacio en disco: 37GB libres
2025-08-21 22:23:02,473 - INFO - 🏥 Health Check:
2025-08-21 22:23:02,475 - INFO -   ✅ signal_generator: Activo (PID: 90026)
2025-08-21 22:23:02,504 - WARNING -   ⚠️ API: No responde
2025-08-21 22:23:02,506 - INFO -   ✅ Espacio en disco: 37GB libres
2025-08-21 22:24:02,521 - INFO - 🏥 Health Check:
2025-08-21 22:24:02,533 - INFO -   ✅ signal_generator: Activo (PID: 90026)
2025-08-21 22:24:02,600 - WARNING -   ⚠️ API: No responde
2025-08-21 22:24:02,608 - INFO -   ✅ Espacio en disco: 36GB libres
2025-08-21 22:25:02,634 - INFO - 🏥 Health Check:
2025-08-21 22:25:02,637 - INFO -   ✅ signal_generator: Activo (PID: 90026)
2025-08-21 22:25:02,742 - WARNING -   ⚠️ API: No responde
2025-08-21 22:25:02,743 - INFO -   ✅ Espacio en disco: 35GB libres
2025-08-21 22:26:02,751 - INFO - 🏥 Health Check:
2025-08-21 22:26:02,754 - INFO -   ✅ signal_generator: Activo (PID: 90026)
2025-08-21 22:26:02,795 - WARNING -   ⚠️ API: No responde
2025-08-21 22:26:02,797 - INFO -   ✅ Espacio en disco: 37GB libres
2025-08-21 22:27:02,867 - INFO - 🏥 Health Check:
2025-08-21 22:27:02,913 - INFO -   ✅ signal_generator: Activo (PID: 90026)
2025-08-21 22:27:03,035 - WARNING -   ⚠️ API: No responde
2025-08-21 22:27:03,035 - INFO -   ✅ Espacio en disco: 36GB libres
2025-08-21 22:28:03,061 - INFO - 🏥 Health Check:
2025-08-21 22:28:03,110 - INFO -   ✅ signal_generator: Activo (PID: 90026)
2025-08-21 22:28:03,220 - WARNING -   ⚠️ API: No responde
2025-08-21 22:28:03,227 - INFO -   ✅ Espacio en disco: 37GB libres
2025-08-21 22:29:03,246 - INFO - 🏥 Health Check:
2025-08-21 22:29:03,263 - INFO -   ✅ signal_generator: Activo (PID: 90026)
2025-08-21 22:29:03,323 - WARNING -   ⚠️ API: No responde
2025-08-21 22:29:03,325 - INFO -   ✅ Espacio en disco: 38GB libres
2025-08-21 22:30:03,341 - INFO - 🏥 Health Check:
2025-08-21 22:30:03,354 - INFO -   ✅ signal_generator: Activo (PID: 90026)
2025-08-21 22:30:03,476 - WARNING -   ⚠️ API: No responde
2025-08-21 22:30:03,498 - INFO -   ✅ Espacio en disco: 38GB libres
2025-08-21 22:31:03,504 - INFO - 🏥 Health Check:
2025-08-21 22:31:03,506 - INFO -   ✅ signal_generator: Activo (PID: 90026)
2025-08-21 22:31:03,526 - WARNING -   ⚠️ API: No responde
2025-08-21 22:31:03,527 - INFO -   ✅ Espacio en disco: 38GB libres
2025-08-21 22:32:03,566 - INFO - 🏥 Health Check:
2025-08-21 22:32:03,573 - INFO -   ✅ signal_generator: Activo (PID: 90026)
2025-08-21 22:32:03,646 - WARNING -   ⚠️ API: No responde
2025-08-21 22:32:03,647 - INFO -   ✅ Espacio en disco: 37GB libres
2025-08-21 22:33:03,657 - INFO - 🏥 Health Check:
2025-08-21 22:33:03,661 - INFO -   ✅ signal_generator: Activo (PID: 90026)
2025-08-21 22:33:03,792 - WARNING -   ⚠️ API: No responde
2025-08-21 22:33:03,793 - INFO -   ✅ Espacio en disco: 37GB libres
2025-08-21 22:34:03,800 - INFO - 🏥 Health Check:
2025-08-21 22:34:03,805 - INFO -   ✅ signal_generator: Activo (PID: 90026)
2025-08-21 22:34:03,911 - WARNING -   ⚠️ API: No responde
2025-08-21 22:34:03,938 - INFO -   ✅ Espacio en disco: 37GB libres
2025-08-21 22:35:03,943 - INFO - 🏥 Health Check:
2025-08-21 22:35:04,003 - INFO -   ✅ signal_generator: Activo (PID: 90026)
2025-08-21 22:35:04,191 - WARNING -   ⚠️ API: No responde
2025-08-21 22:35:04,198 - INFO -   ✅ Espacio en disco: 36GB libres
2025-08-21 22:36:04,316 - INFO - 🏥 Health Check:
2025-08-21 22:36:04,408 - INFO -   ✅ signal_generator: Activo (PID: 90026)
2025-08-21 22:36:04,616 - WARNING -   ⚠️ API: No responde
2025-08-21 22:36:04,626 - INFO -   ✅ Espacio en disco: 36GB libres
2025-08-21 22:37:04,896 - INFO - 🏥 Health Check:
2025-08-21 22:37:05,110 - INFO -   ✅ signal_generator: Activo (PID: 90026)
2025-08-21 22:37:06,086 - WARNING -   ⚠️ API: No responde
2025-08-21 22:37:06,144 - INFO -   ✅ Espacio en disco: 34GB libres
2025-08-21 22:38:06,247 - INFO - 🏥 Health Check:
2025-08-21 22:38:06,315 - INFO -   ✅ signal_generator: Activo (PID: 90026)
2025-08-21 22:38:07,185 - WARNING -   ⚠️ API: No responde
2025-08-21 22:38:07,198 - INFO -   ✅ Espacio en disco: 33GB libres
2025-08-21 22:38:39,915 - INFO - 🧹 Ejecutando mantenimiento de base de datos...
2025-08-21 22:39:07,276 - INFO - 🏥 Health Check:
2025-08-21 22:39:07,325 - INFO -   ✅ signal_generator: Activo (PID: 90026)
2025-08-21 22:39:07,668 - WARNING -   ⚠️ API: No responde
2025-08-21 22:39:07,683 - INFO -   ✅ Espacio en disco: 33GB libres
2025-08-21 22:40:07,773 - INFO - 🏥 Health Check:
2025-08-21 22:40:07,831 - INFO -   ✅ signal_generator: Activo (PID: 90026)
2025-08-21 22:40:07,971 - WARNING -   ⚠️ API: No responde
2025-08-21 22:40:07,974 - INFO -   ✅ Espacio en disco: 33GB libres
2025-08-21 22:41:08,073 - INFO - 🏥 Health Check:
2025-08-21 22:41:08,171 - INFO -   ✅ signal_generator: Activo (PID: 90026)
2025-08-21 22:41:08,364 - WARNING -   ⚠️ API: No responde
2025-08-21 22:41:08,365 - INFO -   ✅ Espacio en disco: 32GB libres
2025-08-21 22:42:08,495 - INFO - 🏥 Health Check:
2025-08-21 22:42:08,656 - INFO -   ✅ signal_generator: Activo (PID: 90026)
2025-08-21 22:42:08,988 - WARNING -   ⚠️ API: No responde
2025-08-21 22:42:09,017 - INFO -   ✅ Espacio en disco: 35GB libres
2025-08-21 22:43:09,036 - INFO - 🏥 Health Check:
2025-08-21 22:43:09,042 - INFO -   ✅ signal_generator: Activo (PID: 90026)
2025-08-21 22:43:09,119 - WARNING -   ⚠️ API: No responde
2025-08-21 22:43:09,125 - INFO -   ✅ Espacio en disco: 35GB libres
2025-08-21 22:44:09,153 - INFO - 🏥 Health Check:
2025-08-21 22:44:09,176 - INFO -   ✅ signal_generator: Activo (PID: 90026)
2025-08-21 22:44:09,274 - WARNING -   ⚠️ API: No responde
2025-08-21 22:44:09,293 - INFO -   ✅ Espacio en disco: 33GB libres
2025-08-21 22:45:09,312 - INFO - 🏥 Health Check:
2025-08-21 22:45:09,353 - INFO -   ✅ signal_generator: Activo (PID: 90026)
2025-08-21 22:45:09,537 - WARNING -   ⚠️ API: No responde
2025-08-21 22:45:09,550 - INFO -   ✅ Espacio en disco: 33GB libres
2025-08-21 22:46:09,628 - INFO - 🏥 Health Check:
2025-08-21 22:46:09,672 - INFO -   ✅ signal_generator: Activo (PID: 90026)
2025-08-21 22:46:09,841 - WARNING -   ⚠️ API: No responde
2025-08-21 22:46:09,849 - INFO -   ✅ Espacio en disco: 33GB libres
2025-08-21 22:47:09,883 - INFO - 🏥 Health Check:
2025-08-21 22:47:09,924 - INFO -   ✅ signal_generator: Activo (PID: 90026)
2025-08-21 22:47:10,128 - WARNING -   ⚠️ API: No responde
2025-08-21 22:47:10,132 - INFO -   ✅ Espacio en disco: 33GB libres
2025-08-21 22:48:10,339 - INFO - 🏥 Health Check:
2025-08-21 22:48:10,418 - INFO -   ✅ signal_generator: Activo (PID: 90026)
2025-08-21 22:48:10,737 - WARNING -   ⚠️ API: No responde
2025-08-21 22:48:10,759 - INFO -   ✅ Espacio en disco: 32GB libres
2025-08-21 22:49:10,765 - INFO - 🏥 Health Check:
2025-08-21 22:49:10,769 - INFO -   ✅ signal_generator: Activo (PID: 90026)
2025-08-21 22:49:10,863 - WARNING -   ⚠️ API: No responde
2025-08-21 22:49:10,865 - INFO -   ✅ Espacio en disco: 32GB libres
2025-08-21 22:50:10,975 - INFO - 🏥 Health Check:
2025-08-21 22:50:11,043 - INFO -   ✅ signal_generator: Activo (PID: 90026)
2025-08-21 22:50:11,285 - WARNING -   ⚠️ API: No responde
2025-08-21 22:50:11,288 - INFO -   ✅ Espacio en disco: 34GB libres
2025-08-21 22:51:11,314 - INFO - 🏥 Health Check:
2025-08-21 22:51:11,319 - INFO -   ✅ signal_generator: Activo (PID: 90026)
2025-08-21 22:51:11,360 - WARNING -   ⚠️ API: No responde
2025-08-21 22:51:11,362 - INFO -   ✅ Espacio en disco: 34GB libres
2025-08-21 22:52:11,388 - INFO - 🏥 Health Check:
2025-08-21 22:52:11,394 - INFO -   ✅ signal_generator: Activo (PID: 90026)
2025-08-21 22:52:11,433 - WARNING -   ⚠️ API: No responde
2025-08-21 22:52:11,435 - INFO -   ✅ Espacio en disco: 34GB libres
2025-08-21 22:53:11,463 - INFO - 🏥 Health Check:
2025-08-21 22:53:11,479 - INFO -   ✅ signal_generator: Activo (PID: 90026)
2025-08-21 22:53:11,592 - WARNING -   ⚠️ API: No responde
2025-08-21 22:53:11,598 - INFO -   ✅ Espacio en disco: 33GB libres
2025-08-21 22:54:11,604 - INFO - 🏥 Health Check:
2025-08-21 22:54:11,610 - INFO -   ✅ signal_generator: Activo (PID: 90026)
2025-08-21 22:54:11,641 - WARNING -   ⚠️ API: No responde
2025-08-21 22:54:11,642 - INFO -   ✅ Espacio en disco: 34GB libres
2025-08-21 22:55:11,653 - INFO - 🏥 Health Check:
2025-08-21 22:55:11,689 - INFO -   ✅ signal_generator: Activo (PID: 90026)
2025-08-21 22:55:11,720 - WARNING -   ⚠️ API: No responde
2025-08-21 22:55:11,721 - INFO -   ✅ Espacio en disco: 34GB libres
2025-08-21 22:56:11,733 - INFO - 🏥 Health Check:
2025-08-21 22:56:11,740 - INFO -   ✅ signal_generator: Activo (PID: 90026)
2025-08-21 22:56:11,818 - WARNING -   ⚠️ API: No responde
2025-08-21 22:56:11,819 - INFO -   ✅ Espacio en disco: 34GB libres
2025-08-21 22:57:11,835 - INFO - 🏥 Health Check:
2025-08-21 22:57:11,840 - INFO -   ✅ signal_generator: Activo (PID: 90026)
2025-08-21 22:57:11,881 - WARNING -   ⚠️ API: No responde
2025-08-21 22:57:11,882 - INFO -   ✅ Espacio en disco: 34GB libres
2025-08-21 22:58:11,905 - INFO - 🏥 Health Check:
2025-08-21 22:58:11,914 - INFO -   ✅ signal_generator: Activo (PID: 90026)
2025-08-21 22:58:11,937 - WARNING -   ⚠️ API: No responde
2025-08-21 22:58:11,938 - INFO -   ✅ Espacio en disco: 34GB libres
2025-08-21 22:59:11,942 - INFO - 🏥 Health Check:
2025-08-21 22:59:11,944 - INFO -   ✅ signal_generator: Activo (PID: 90026)
2025-08-21 22:59:11,960 - WARNING -   ⚠️ API: No responde
2025-08-21 22:59:11,961 - INFO -   ✅ Espacio en disco: 34GB libres
2025-08-21 23:00:11,964 - INFO - 🏥 Health Check:
2025-08-21 23:00:11,966 - INFO -   ✅ signal_generator: Activo (PID: 90026)
2025-08-21 23:00:11,980 - WARNING -   ⚠️ API: No responde
2025-08-21 23:00:11,981 - INFO -   ✅ Espacio en disco: 34GB libres
2025-08-21 23:01:12,056 - INFO - 🏥 Health Check:
2025-08-21 23:01:12,109 - INFO -   ✅ signal_generator: Activo (PID: 90026)
2025-08-21 23:01:12,213 - WARNING -   ⚠️ API: No responde
2025-08-21 23:01:12,216 - INFO -   ✅ Espacio en disco: 34GB libres
2025-08-21 23:02:12,225 - INFO - 🏥 Health Check:
2025-08-21 23:02:12,229 - INFO -   ✅ signal_generator: Activo (PID: 90026)
2025-08-21 23:02:12,265 - WARNING -   ⚠️ API: No responde
2025-08-21 23:02:12,267 - INFO -   ✅ Espacio en disco: 34GB libres
2025-08-21 23:03:12,274 - INFO - 🏥 Health Check:
2025-08-21 23:03:12,281 - INFO -   ✅ signal_generator: Activo (PID: 90026)
2025-08-21 23:03:12,325 - WARNING -   ⚠️ API: No responde
2025-08-21 23:03:12,327 - INFO -   ✅ Espacio en disco: 34GB libres
2025-08-21 23:04:12,353 - INFO - 🏥 Health Check:
2025-08-21 23:04:12,360 - INFO -   ✅ signal_generator: Activo (PID: 90026)
2025-08-21 23:04:12,424 - WARNING -   ⚠️ API: No responde
2025-08-21 23:04:12,425 - INFO -   ✅ Espacio en disco: 35GB libres
2025-08-21 23:05:12,431 - INFO - 🏥 Health Check:
2025-08-21 23:05:12,436 - INFO -   ✅ signal_generator: Activo (PID: 90026)
2025-08-21 23:05:12,465 - WARNING -   ⚠️ API: No responde
2025-08-21 23:05:12,467 - INFO -   ✅ Espacio en disco: 34GB libres
2025-08-21 23:06:12,470 - INFO - 🏥 Health Check:
2025-08-21 23:06:12,474 - INFO -   ✅ signal_generator: Activo (PID: 90026)
2025-08-21 23:06:12,500 - WARNING -   ⚠️ API: No responde
2025-08-21 23:06:12,500 - INFO -   ✅ Espacio en disco: 34GB libres
2025-08-21 23:07:12,521 - INFO - 🏥 Health Check:
2025-08-21 23:07:12,536 - INFO -   ✅ signal_generator: Activo (PID: 90026)
2025-08-21 23:07:12,564 - WARNING -   ⚠️ API: No responde
2025-08-21 23:07:12,571 - INFO -   ✅ Espacio en disco: 34GB libres
2025-08-21 23:08:12,640 - INFO - 🏥 Health Check:
2025-08-21 23:08:12,707 - INFO -   ✅ signal_generator: Activo (PID: 90026)
2025-08-21 23:08:13,016 - WARNING -   ⚠️ API: No responde
2025-08-21 23:08:13,053 - INFO -   ✅ Espacio en disco: 34GB libres
2025-08-21 23:09:13,107 - INFO - 🏥 Health Check:
2025-08-21 23:09:13,126 - INFO -   ✅ signal_generator: Activo (PID: 90026)
2025-08-21 23:09:13,233 - WARNING -   ⚠️ API: No responde
2025-08-21 23:09:13,235 - INFO -   ✅ Espacio en disco: 35GB libres
2025-08-21 23:10:13,322 - INFO - 🏥 Health Check:
2025-08-21 23:10:13,335 - INFO -   ✅ signal_generator: Activo (PID: 90026)
2025-08-21 23:10:13,467 - WARNING -   ⚠️ API: No responde
2025-08-21 23:10:13,470 - INFO -   ✅ Espacio en disco: 33GB libres
2025-08-21 23:11:13,496 - INFO - 🏥 Health Check:
2025-08-21 23:11:13,509 - INFO -   ✅ signal_generator: Activo (PID: 90026)
2025-08-21 23:11:13,614 - WARNING -   ⚠️ API: No responde
2025-08-21 23:11:13,616 - INFO -   ✅ Espacio en disco: 33GB libres
2025-08-21 23:12:13,620 - INFO - 🏥 Health Check:
2025-08-21 23:12:13,625 - INFO -   ✅ signal_generator: Activo (PID: 90026)
2025-08-21 23:12:13,676 - WARNING -   ⚠️ API: No responde
2025-08-21 23:12:13,679 - INFO -   ✅ Espacio en disco: 33GB libres
2025-08-21 23:13:13,711 - INFO - 🏥 Health Check:
2025-08-21 23:13:13,726 - INFO -   ✅ signal_generator: Activo (PID: 90026)
2025-08-21 23:13:13,777 - WARNING -   ⚠️ API: No responde
2025-08-21 23:13:13,780 - INFO -   ✅ Espacio en disco: 34GB libres
2025-08-21 23:14:13,895 - INFO - 🏥 Health Check:
2025-08-21 23:14:13,936 - INFO -   ✅ signal_generator: Activo (PID: 90026)
2025-08-21 23:14:14,049 - WARNING -   ⚠️ API: No responde
2025-08-21 23:14:14,052 - INFO -   ✅ Espacio en disco: 35GB libres
2025-08-21 23:15:14,075 - INFO - 🏥 Health Check:
2025-08-21 23:15:14,083 - INFO -   ✅ signal_generator: Activo (PID: 90026)
2025-08-21 23:15:14,172 - WARNING -   ⚠️ API: No responde
2025-08-21 23:15:14,173 - INFO -   ✅ Espacio en disco: 35GB libres
2025-08-21 23:16:14,183 - INFO - 🏥 Health Check:
2025-08-21 23:16:14,193 - INFO -   ✅ signal_generator: Activo (PID: 90026)
2025-08-21 23:16:14,295 - WARNING -   ⚠️ API: No responde
2025-08-21 23:16:14,297 - INFO -   ✅ Espacio en disco: 34GB libres
2025-08-21 23:17:14,302 - INFO - 🏥 Health Check:
2025-08-21 23:17:14,306 - INFO -   ✅ signal_generator: Activo (PID: 90026)
2025-08-21 23:17:14,341 - WARNING -   ⚠️ API: No responde
2025-08-21 23:17:14,342 - INFO -   ✅ Espacio en disco: 33GB libres
2025-08-21 23:17:41,681 - INFO - 📡 Señal recibida: 15
